[2024-12-15 02:28:36.617 AM] [31merror[39m: 	[31mSomething broke! | Stack Trace: Error: Something broke![39m
[31m    at C:\Users\stuff\OneDrive\Masaüstü\Dev.Mert\Bootcamps\NewMindAI\ECommerce-Microservice\backend\monolith\expressApp.ts:19:9[39m
[31m    at Layer.handle [as handle_request] (C:\Users\stuff\OneDrive\Masaüstü\Dev.Mert\Bootcamps\NewMindAI\ECommerce-Microservice\backend\monolith\node_modules\express\lib\router\layer.js:95:5)[39m
[31m    at next (C:\Users\stuff\OneDrive\Masaüstü\Dev.Mert\Bootcamps\NewMindAI\ECommerce-Microservice\backend\monolith\node_modules\express\lib\router\route.js:149:13)[39m
[31m    at Route.dispatch (C:\Users\stuff\OneDrive\Masaüstü\Dev.Mert\Bootcamps\NewMindAI\ECommerce-Microservice\backend\monolith\node_modules\express\lib\router\route.js:119:3)[39m
[31m    at Layer.handle [as handle_request] (C:\Users\stuff\OneDrive\Masaüstü\Dev.Mert\Bootcamps\NewMindAI\ECommerce-Microservice\backend\monolith\node_modules\express\lib\router\layer.js:95:5)[39m
[31m    at C:\Users\stuff\OneDrive\Masaüstü\Dev.Mert\Bootcamps\NewMindAI\ECommerce-Microservice\backend\monolith\node_modules\express\lib\router\index.js:284:15[39m
[31m    at Function.process_params (C:\Users\stuff\OneDrive\Masaüstü\Dev.Mert\Bootcamps\NewMindAI\ECommerce-Microservice\backend\monolith\node_modules\express\lib\router\index.js:346:12)[39m
[31m    at next (C:\Users\stuff\OneDrive\Masaüstü\Dev.Mert\Bootcamps\NewMindAI\ECommerce-Microservice\backend\monolith\node_modules\express\lib\router\index.js:280:10)[39m
[31m    at jsonParser (C:\Users\stuff\OneDrive\Masaüstü\Dev.Mert\Bootcamps\NewMindAI\ECommerce-Microservice\backend\monolith\node_modules\body-parser\lib\types\json.js:113:7)[39m
[31m    at Layer.handle [as handle_request] (C:\Users\stuff\OneDrive\Masaüstü\Dev.Mert\Bootcamps\NewMindAI\ECommerce-Microservice\backend\monolith\node_modules\express\lib\router\layer.js:95:5)[39m
[2024-12-15 02:30:21.179 AM] [31merror[39m: 	[31mSomething broke! | Stack Trace: Error: Something broke![39m
[31m    at C:\Users\stuff\OneDrive\Masaüstü\Dev.Mert\Bootcamps\NewMindAI\ECommerce-Microservice\backend\monolith\expressApp.ts:19:9[39m
[31m    at Layer.handle [as handle_request] (C:\Users\stuff\OneDrive\Masaüstü\Dev.Mert\Bootcamps\NewMindAI\ECommerce-Microservice\backend\monolith\node_modules\express\lib\router\layer.js:95:5)[39m
[31m    at next (C:\Users\stuff\OneDrive\Masaüstü\Dev.Mert\Bootcamps\NewMindAI\ECommerce-Microservice\backend\monolith\node_modules\express\lib\router\route.js:149:13)[39m
[31m    at Route.dispatch (C:\Users\stuff\OneDrive\Masaüstü\Dev.Mert\Bootcamps\NewMindAI\ECommerce-Microservice\backend\monolith\node_modules\express\lib\router\route.js:119:3)[39m
[31m    at Layer.handle [as handle_request] (C:\Users\stuff\OneDrive\Masaüstü\Dev.Mert\Bootcamps\NewMindAI\ECommerce-Microservice\backend\monolith\node_modules\express\lib\router\layer.js:95:5)[39m
[31m    at C:\Users\stuff\OneDrive\Masaüstü\Dev.Mert\Bootcamps\NewMindAI\ECommerce-Microservice\backend\monolith\node_modules\express\lib\router\index.js:284:15[39m
[31m    at Function.process_params (C:\Users\stuff\OneDrive\Masaüstü\Dev.Mert\Bootcamps\NewMindAI\ECommerce-Microservice\backend\monolith\node_modules\express\lib\router\index.js:346:12)[39m
[31m    at next (C:\Users\stuff\OneDrive\Masaüstü\Dev.Mert\Bootcamps\NewMindAI\ECommerce-Microservice\backend\monolith\node_modules\express\lib\router\index.js:280:10)[39m
[31m    at jsonParser (C:\Users\stuff\OneDrive\Masaüstü\Dev.Mert\Bootcamps\NewMindAI\ECommerce-Microservice\backend\monolith\node_modules\body-parser\lib\types\json.js:113:7)[39m
[31m    at Layer.handle [as handle_request] (C:\Users\stuff\OneDrive\Masaüstü\Dev.Mert\Bootcamps\NewMindAI\ECommerce-Microservice\backend\monolith\node_modules\express\lib\router\layer.js:95:5)[39m
[Error Time: 2024-12-15 02:43:02.457 AM], [Error Level: [31merror[39m], [Error Message: 	[31mSomething broke![39m], [Error Location: getErrorLocation (C:\Users\stuff\OneDrive\Masaüstü\Dev.Mert\Bootcamps\NewMindAI\ECommerce-Microservice\backend\monolith\config\logger.ts:7:19)]
[Error Time: 2024-12-15 02:44:35.480 AM], [Error Level: [31merror[39m], [Error Message: 	[31mSomething broke![39m], [Error Location: getErrorLocation (C:\Users\stuff\OneDrive\Masaüstü\Dev.Mert\Bootcamps\NewMindAI\ECommerce-Microservice\backend\monolith\config\logger.ts:8:19)]
[Error Time: 2024-12-15 02:48:20.046 AM], [Error Level: [31merror[39m], [Error Message: 	[31mSomething broke![39m], [Error Location: C:\Users\stuff\OneDrive\Masaüstü\Dev.Mert\Bootcamps\NewMindAI\ECommerce-Microservice\backend\monolith\expressApp.ts:19:9]
[Error Time: 2024-12-17 02:06:18.925 PM], [Error Level: [31merror[39m], [Error Message: 	[31m[Error at: AuthService - create - publishUserEvent()] , KafkaJSNumberOfRetriesExceeded: Connection timeout[39m], [Error Location: Unknown location]
[Error Time: 2024-12-17 02:09:11.041 PM], [Error Level: [31merror[39m], [Error Message: 	[31mError publishing product event: KafkaJSNumberOfRetriesExceeded: Connection timeout[39m], [Error Location: Unknown location]
[Error Time: 2024-12-17 02:09:11.041 PM], [Error Level: [31merror[39m], [Error Message: 	[31m[Error at: ProductService - create - publishProductEvent()] , KafkaJSNumberOfRetriesExceeded: Connection timeout[39m], [Error Location: Unknown location]
[Error Time: 2024-12-17 02:09:46.342 PM], [Error Level: [31merror[39m], [Error Message: 	[31mError publishing product event: KafkaJSNumberOfRetriesExceeded: Connection timeout[39m], [Error Location: Unknown location]
[Error Time: 2024-12-17 02:09:46.343 PM], [Error Level: [31merror[39m], [Error Message: 	[31m[Error at: ProductService - update - publishProductEvent()] , KafkaJSNumberOfRetriesExceeded: Connection timeout[39m], [Error Location: Unknown location]
[Error Time: 2024-12-17 03:22:01.243 PM], [Error Level: [31merror[39m], [Error Message: 	[31mError publishing product event: KafkaJSNumberOfRetriesExceeded: Connection timeout[39m], [Error Location: Unknown location]
[Error Time: 2024-12-17 03:22:01.244 PM], [Error Level: [31merror[39m], [Error Message: 	[31m[Error at: ProductService - create - publishProductEvent()] , KafkaJSNumberOfRetriesExceeded: Connection timeout[39m], [Error Location: Unknown location]
[Error Time: 2024-12-17 03:25:01.904 PM], [Error Level: [31merror[39m], [Error Message: 	[31mError publishing product event: KafkaJSNumberOfRetriesExceeded: Connection timeout[39m], [Error Location: Unknown location]
[Error Time: 2024-12-17 03:25:01.905 PM], [Error Level: [31merror[39m], [Error Message: 	[31m[Error at: ProductService - create - publishProductEvent()] , KafkaJSNumberOfRetriesExceeded: Connection timeout[39m], [Error Location: Unknown location]
[Error Time: 2024-12-17 03:51:25.893 PM], [Error Level: [31merror[39m], [Error Message: 	[31mError publishing product event: KafkaJSNumberOfRetriesExceeded: Connection timeout[39m], [Error Location: Unknown location]
[Error Time: 2024-12-17 03:51:25.894 PM], [Error Level: [31merror[39m], [Error Message: 	[31m[Error at: ProductService - create - publishProductEvent()] , KafkaJSNumberOfRetriesExceeded: Connection timeout[39m], [Error Location: Unknown location]
[Error Time: 2024-12-17 03:53:43.597 PM], [Error Level: [31merror[39m], [Error Message: 	[31mError publishing product event: KafkaJSNumberOfRetriesExceeded: Connection timeout[39m], [Error Location: Unknown location]
[Error Time: 2024-12-17 03:53:43.598 PM], [Error Level: [31merror[39m], [Error Message: 	[31m[Error at: ProductService - create - publishProductEvent()] , KafkaJSNumberOfRetriesExceeded: Connection timeout[39m], [Error Location: Unknown location]
[Error Time: 2024-12-17 04:01:48.143 PM], [Error Level: [31merror[39m], [Error Message: 	[31mError publishing product event: KafkaJSNumberOfRetriesExceeded: Connection timeout[39m], [Error Location: Unknown location]
[Error Time: 2024-12-17 04:01:48.145 PM], [Error Level: [31merror[39m], [Error Message: 	[31m[Error at: ProductService - create - publishProductEvent()] , KafkaJSNumberOfRetriesExceeded: Connection timeout[39m], [Error Location: Unknown location]
[Error Time: 2024-12-17 04:08:07.020 PM], [Error Level: [31merror[39m], [Error Message: 	[31mError publishing product event: KafkaJSNumberOfRetriesExceeded: Connection timeout[39m], [Error Location: Unknown location]
[Error Time: 2024-12-17 04:08:07.021 PM], [Error Level: [31merror[39m], [Error Message: 	[31m[Error at: ProductService - create - publishProductEvent()] , KafkaJSNumberOfRetriesExceeded: Connection timeout[39m], [Error Location: Unknown location]
[Error Time: 2024-12-17 04:08:28.905 PM], [Error Level: [31merror[39m], [Error Message: 	[31m[ProductService - create[39m], [Error Location: Unknown location]
[Error Time: 2024-12-17 04:08:38.023 PM], [Error Level: [31merror[39m], [Error Message: 	[31m[ProductService - create[39m], [Error Location: Unknown location]
[Error Time: 2024-12-17 04:08:55.869 PM], [Error Level: [31merror[39m], [Error Message: 	[31mError publishing product event: KafkaJSNumberOfRetriesExceeded: Connection timeout[39m], [Error Location: Unknown location]
[Error Time: 2024-12-17 04:08:55.870 PM], [Error Level: [31merror[39m], [Error Message: 	[31m[Error at: ProductService - create - publishProductEvent()] , KafkaJSNumberOfRetriesExceeded: Connection timeout[39m], [Error Location: Unknown location]
[Error Time: 2024-12-17 04:09:27.566 PM], [Error Level: [31merror[39m], [Error Message: 	[31mError publishing product event: KafkaJSNumberOfRetriesExceeded: Connection timeout[39m], [Error Location: Unknown location]
[Error Time: 2024-12-17 04:09:27.567 PM], [Error Level: [31merror[39m], [Error Message: 	[31m[Error at: ProductService - create - publishProductEvent()] , KafkaJSNumberOfRetriesExceeded: Connection timeout[39m], [Error Location: Unknown location]
[Error Time: 2024-12-17 04:09:41.850 PM], [Error Level: [31merror[39m], [Error Message: 	[31mError publishing product event: KafkaJSNumberOfRetriesExceeded: Connection timeout[39m], [Error Location: Unknown location]
[Error Time: 2024-12-17 04:09:41.851 PM], [Error Level: [31merror[39m], [Error Message: 	[31m[Error at: ProductService - create - publishProductEvent()] , KafkaJSNumberOfRetriesExceeded: Connection timeout[39m], [Error Location: Unknown location]
[Error Time: 2024-12-17 04:10:32.172 PM], [Error Level: [31merror[39m], [Error Message: 	[31mError publishing product event: KafkaJSNumberOfRetriesExceeded: Connection timeout[39m], [Error Location: Unknown location]
[Error Time: 2024-12-17 04:10:32.172 PM], [Error Level: [31merror[39m], [Error Message: 	[31m[Error at: ProductService - create - publishProductEvent()] , KafkaJSNumberOfRetriesExceeded: Connection timeout[39m], [Error Location: Unknown location]
[Error Time: 2024-12-17 04:10:48.799 PM], [Error Level: [31merror[39m], [Error Message: 	[31mError publishing product event: KafkaJSNumberOfRetriesExceeded: Connection timeout[39m], [Error Location: Unknown location]
[Error Time: 2024-12-17 04:10:48.800 PM], [Error Level: [31merror[39m], [Error Message: 	[31m[Error at: ProductService - create - publishProductEvent()] , KafkaJSNumberOfRetriesExceeded: Connection timeout[39m], [Error Location: Unknown location]
[Error Time: 2024-12-17 04:11:03.098 PM], [Error Level: [31merror[39m], [Error Message: 	[31mError publishing product event: KafkaJSNumberOfRetriesExceeded: Connection timeout[39m], [Error Location: Unknown location]
[Error Time: 2024-12-17 04:11:03.099 PM], [Error Level: [31merror[39m], [Error Message: 	[31m[Error at: ProductService - create - publishProductEvent()] , KafkaJSNumberOfRetriesExceeded: Connection timeout[39m], [Error Location: Unknown location]
[Error Time: 2024-12-17 04:11:18.090 PM], [Error Level: [31merror[39m], [Error Message: 	[31mError publishing product event: KafkaJSNumberOfRetriesExceeded: Connection timeout[39m], [Error Location: Unknown location]
[Error Time: 2024-12-17 04:11:18.091 PM], [Error Level: [31merror[39m], [Error Message: 	[31m[Error at: ProductService - create - publishProductEvent()] , KafkaJSNumberOfRetriesExceeded: Connection timeout[39m], [Error Location: Unknown location]
[Error Time: 2024-12-17 04:11:33.178 PM], [Error Level: [31merror[39m], [Error Message: 	[31mError publishing product event: KafkaJSNumberOfRetriesExceeded: Connection timeout[39m], [Error Location: Unknown location]
[Error Time: 2024-12-17 04:11:33.178 PM], [Error Level: [31merror[39m], [Error Message: 	[31m[Error at: ProductService - create - publishProductEvent()] , KafkaJSNumberOfRetriesExceeded: Connection timeout[39m], [Error Location: Unknown location]
[Error Time: 2024-12-17 04:12:18.046 PM], [Error Level: [31merror[39m], [Error Message: 	[31mError publishing product event: KafkaJSNumberOfRetriesExceeded: Connection timeout[39m], [Error Location: Unknown location]
[Error Time: 2024-12-17 04:12:18.046 PM], [Error Level: [31merror[39m], [Error Message: 	[31m[Error at: ProductService - create - publishProductEvent()] , KafkaJSNumberOfRetriesExceeded: Connection timeout[39m], [Error Location: Unknown location]
[Error Time: 2024-12-17 04:12:39.225 PM], [Error Level: [31merror[39m], [Error Message: 	[31mError publishing product event: KafkaJSNumberOfRetriesExceeded: Connection timeout[39m], [Error Location: Unknown location]
[Error Time: 2024-12-17 04:12:39.225 PM], [Error Level: [31merror[39m], [Error Message: 	[31m[Error at: ProductService - create - publishProductEvent()] , KafkaJSNumberOfRetriesExceeded: Connection timeout[39m], [Error Location: Unknown location]
[Error Time: 2024-12-17 04:40:38.804 PM], [Error Level: [31merror[39m], [Error Message: 	[31mError publishing product event: KafkaJSNumberOfRetriesExceeded: Connection timeout[39m], [Error Location: Unknown location]
[Error Time: 2024-12-17 04:40:38.805 PM], [Error Level: [31merror[39m], [Error Message: 	[31m[Error at: ProductService - update - publishProductEvent()] , KafkaJSNumberOfRetriesExceeded: Connection timeout[39m], [Error Location: Unknown location]
[Error Time: 2024-12-17 04:40:48.139 PM], [Error Level: [31merror[39m], [Error Message: 	[31mError publishing product event: KafkaJSNumberOfRetriesExceeded: Connection timeout[39m], [Error Location: Unknown location]
[Error Time: 2024-12-17 04:40:48.139 PM], [Error Level: [31merror[39m], [Error Message: 	[31m[Error at: ProductService - update - publishProductEvent()] , KafkaJSNumberOfRetriesExceeded: Connection timeout[39m], [Error Location: Unknown location]
[Error Time: 2024-12-17 04:40:58.122 PM], [Error Level: [31merror[39m], [Error Message: 	[31mError publishing product event: KafkaJSNumberOfRetriesExceeded: Connection timeout[39m], [Error Location: Unknown location]
[Error Time: 2024-12-17 04:40:58.122 PM], [Error Level: [31merror[39m], [Error Message: 	[31m[Error at: ProductService - update - publishProductEvent()] , KafkaJSNumberOfRetriesExceeded: Connection timeout[39m], [Error Location: Unknown location]
[Error Time: 2024-12-18 01:17:33.440 PM], [Error Level: [31merror[39m], [Error Message: 	[31m[Error at: AuthService - create - publishUserEvent()] , KafkaJSNumberOfRetriesExceeded: Connection timeout[39m], [Error Location: AuthService.ts:80:18]
[Error Time: 2024-12-19 09:01:26.460 PM], [Error Level: [31merror[39m], [Error Message: 	[31m[Error at: AuthService - create - publishUserEvent()] , KafkaJSNumberOfRetriesExceeded: Connection timeout[39m], [Error Location: AuthService.ts:80:18]
[Error Time: 2024-12-19 09:08:07.852 PM], [Error Level: [31merror[39m], [Error Message: 	[31m[Error at: AuthService - create - publishUserEvent()] , KafkaJSNumberOfRetriesExceeded: Connection timeout[39m], [Error Location: AuthService.ts:80:18]
[Error Time: 2024-12-19 09:09:02.245 PM], [Error Level: [31merror[39m], [Error Message: 	[31m[Error at: AuthService - create - publishUserEvent()] , KafkaJSNumberOfRetriesExceeded: Connection timeout[39m], [Error Location: AuthService.ts:80:18]
[Error Time: 2024-12-19 09:09:39.285 PM], [Error Level: [31merror[39m], [Error Message: 	[31m[Error at: AuthService - create - publishUserEvent()] , KafkaJSNumberOfRetriesExceeded: Connection timeout[39m], [Error Location: AuthService.ts:80:18]
[Error Time: 2024-12-19 09:15:18.516 PM], [Error Level: [31merror[39m], [Error Message: 	[31m[Error at: AuthService - create - publishUserEvent()] , KafkaJSNumberOfRetriesExceeded: Connection timeout[39m], [Error Location: AuthService.ts:80:18]
[Error Time: 2024-12-19 09:16:29.984 PM], [Error Level: [31merror[39m], [Error Message: 	[31m[Error at: AuthService - create - publishUserEvent()] , KafkaJSNumberOfRetriesExceeded: Connection timeout[39m], [Error Location: AuthService.ts:80:18]
[Error Time: 2024-12-19 09:19:47.927 PM], [Error Level: [31merror[39m], [Error Message: 	[31m[Error at: AuthService - create - publishUserEvent()] , KafkaJSNumberOfRetriesExceeded: Connection timeout[39m], [Error Location: AuthService.ts:80:18]
[Error Time: 2024-12-19 09:27:02.288 PM], [Error Level: [31merror[39m], [Error Message: 	[31m[Error at: AuthService - create - publishUserEvent()] , KafkaJSNumberOfRetriesExceeded: Connection timeout[39m], [Error Location: AuthService.ts:80:18]
[Error Time: 2024-12-19 10:01:36.919 PM], [Error Level: [31merror[39m], [Error Message: 	[31m[Error at: AuthService - create - publishUserEvent()] , KafkaJSNumberOfRetriesExceeded: Connection timeout[39m], [Error Location: AuthService.ts:80:18]
[Error Time: 2024-12-19 10:03:07.212 PM], [Error Level: [31merror[39m], [Error Message: 	[31m[Error at: AuthService - create - publishUserEvent()] , KafkaJSNumberOfRetriesExceeded: Connection timeout[39m], [Error Location: AuthService.ts:80:18]
[Error Time: 2024-12-20 05:45:06.786 PM], [Error Level: [32minfo[39m], [Error Message: 	[32mIdentity Service Kafka Producer connected[39m], [Error Location: UserEventPublisher.ts:32:14]
[Error Time: 2024-12-20 05:45:06.791 PM], [Error Level: [32minfo[39m], [Error Message: 	[32mProduct Service Kafka Producer connected[39m], [Error Location: ProductEventPublisher.ts:35:14]
[Error Time: 2024-12-20 05:45:23.488 PM], [Error Level: [32minfo[39m], [Error Message: 	[32mIdentity Service Kafka Producer connected[39m], [Error Location: UserEventPublisher.ts:32:14]
[Error Time: 2024-12-20 05:45:23.493 PM], [Error Level: [32minfo[39m], [Error Message: 	[32mProduct Service Kafka Producer connected[39m], [Error Location: ProductEventPublisher.ts:35:14]
[Error Time: 2024-12-20 05:50:17.389 PM], [Error Level: [32minfo[39m], [Error Message: 	[32mIdentity Service Kafka Producer connected[39m], [Error Location: UserEventPublisher.ts:34:14]
[Error Time: 2024-12-20 05:50:17.395 PM], [Error Level: [32minfo[39m], [Error Message: 	[32mProduct Service Kafka Producer connected[39m], [Error Location: ProductEventPublisher.ts:35:14]
[Error Time: 2024-12-20 05:50:38.938 PM], [Error Level: [31merror[39m], [Error Message: 	[31mError publishing user event: KafkaJSError: The producer is disconnected[39m], [Error Location: UserEventPublisher.ts:55:14]
[Error Time: 2024-12-20 05:50:38.940 PM], [Error Level: [32minfo[39m], [Error Message: 	[32mKafka user producer disconnected[39m], [Error Location: UserEventPublisher.ts:58:14]
[Error Time: 2024-12-20 05:52:36.132 PM], [Error Level: [32minfo[39m], [Error Message: 	[32mIdentity Service Kafka Producer connected[39m], [Error Location: UserEventPublisher.ts:34:14]
[Error Time: 2024-12-20 05:52:36.138 PM], [Error Level: [32minfo[39m], [Error Message: 	[32mProduct Service Kafka Producer connected[39m], [Error Location: ProductEventPublisher.ts:35:14]
[Error Time: 2024-12-20 05:52:52.295 PM], [Error Level: [31merror[39m], [Error Message: 	[31mError publishing user event: KafkaJSError: The producer is disconnected[39m], [Error Location: UserEventPublisher.ts:53:14]
[Error Time: 2024-12-20 05:55:03.690 PM], [Error Level: [32minfo[39m], [Error Message: 	[32mIdentity Service Kafka Producer connected[39m], [Error Location: UserEventPublisher.ts:34:14]
[Error Time: 2024-12-20 05:55:03.695 PM], [Error Level: [32minfo[39m], [Error Message: 	[32mProduct Service Kafka Producer connected[39m], [Error Location: ProductEventPublisher.ts:35:14]
[Error Time: 2024-12-20 05:55:18.867 PM], [Error Level: [31merror[39m], [Error Message: 	[31mError publishing user event: KafkaJSError: The producer is disconnected[39m], [Error Location: UserEventPublisher.ts:59:14]
[Error Time: 2024-12-20 05:56:08.769 PM], [Error Level: [32minfo[39m], [Error Message: 	[32mIdentity Service Kafka Producer connected[39m], [Error Location: UserEventPublisher.ts:34:14]
[Error Time: 2024-12-20 05:56:08.774 PM], [Error Level: [32minfo[39m], [Error Message: 	[32mProduct Service Kafka Producer connected[39m], [Error Location: ProductEventPublisher.ts:35:14]
[Error Time: 2024-12-20 05:56:10.551 PM], [Error Level: [31merror[39m], [Error Message: 	[31mError publishing user event: KafkaJSError: The producer is disconnected[39m], [Error Location: UserEventPublisher.ts:58:14]
[Error Time: 2024-12-20 05:58:41.814 PM], [Error Level: [32minfo[39m], [Error Message: 	[32mIdentity Service Kafka Producer connected[39m], [Error Location: UserEventPublisher.ts:34:14]
[Error Time: 2024-12-20 05:58:41.819 PM], [Error Level: [32minfo[39m], [Error Message: 	[32mProduct Service Kafka Producer connected[39m], [Error Location: ProductEventPublisher.ts:35:14]
[Error Time: 2024-12-20 05:58:46.593 PM], [Error Level: [32minfo[39m], [Error Message: 	[32mKafka user event published successfully[39m], [Error Location: UserEventPublisher.ts:54:14]
[Error Time: 2024-12-20 05:59:51.223 PM], [Error Level: [32minfo[39m], [Error Message: 	[32mIdentity Service Kafka Producer connected[39m], [Error Location: UserEventPublisher.ts:34:14]
[Error Time: 2024-12-20 05:59:51.229 PM], [Error Level: [32minfo[39m], [Error Message: 	[32mProduct Service Kafka Producer connected[39m], [Error Location: ProductEventPublisher.ts:35:14]
[Error Time: 2024-12-20 06:01:38.217 PM], [Error Level: [32minfo[39m], [Error Message: 	[32mIdentity Service Kafka Producer connected[39m], [Error Location: UserEventPublisher.ts:34:14]
[Error Time: 2024-12-20 06:01:38.223 PM], [Error Level: [32minfo[39m], [Error Message: 	[32mProduct Service Kafka Producer connected[39m], [Error Location: ProductEventPublisher.ts:35:14]
[Error Time: 2024-12-20 06:02:37.575 PM], [Error Level: [32minfo[39m], [Error Message: 	[32mProduct Service Kafka Producer connected[39m], [Error Location: ProductEventPublisher.ts:35:14]
[Error Time: 2024-12-20 06:02:37.598 PM], [Error Level: [32minfo[39m], [Error Message: 	[32mKafka product event published successfully[39m], [Error Location: ProductEventPublisher.ts:55:14]
[Error Time: 2024-12-20 06:27:30.411 PM], [Error Level: [32minfo[39m], [Error Message: 	[32mIdentity Service Kafka Producer connected[39m], [Error Location: UserEventPublisher.ts:34:14]
[Error Time: 2024-12-20 06:27:30.417 PM], [Error Level: [32minfo[39m], [Error Message: 	[32mProduct Service Kafka Producer connected[39m], [Error Location: ProductEventPublisher.ts:35:14]
[Error Time: 2024-12-20 06:28:23.615 PM], [Error Level: [32minfo[39m], [Error Message: 	[32mIdentity Service Kafka Producer connected[39m], [Error Location: UserEventPublisher.ts:34:14]
[Error Time: 2024-12-20 06:28:23.620 PM], [Error Level: [32minfo[39m], [Error Message: 	[32mProduct Service Kafka Producer connected[39m], [Error Location: ProductEventPublisher.ts:35:14]
[Error Time: 2024-12-20 06:28:23.658 PM], [Error Level: [32minfo[39m], [Error Message: 	[32mIdentity Service Kafka Producer connected[39m], [Error Location: UserEventPublisher.ts:34:14]
[Error Time: 2024-12-20 06:28:23.664 PM], [Error Level: [32minfo[39m], [Error Message: 	[32mProduct Service Kafka Producer connected[39m], [Error Location: ProductEventPublisher.ts:35:14]
[Error Time: 2024-12-20 06:28:36.452 PM], [Error Level: [32minfo[39m], [Error Message: 	[32mProduct Service Kafka Producer connected[39m], [Error Location: ProductEventPublisher.ts:35:14]
[Error Time: 2024-12-20 06:28:58.256 PM], [Error Level: [31merror[39m], [Error Message: 	[31mError publishing product event: KafkaJSNumberOfRetriesExceeded: Connection timeout[39m], [Error Location: ProductEventPublisher.ts:57:14]
[Error Time: 2024-12-20 06:28:58.257 PM], [Error Level: [31merror[39m], [Error Message: 	[31m[Error at: ProductService - create - publishProductEvent()] , KafkaJSNumberOfRetriesExceeded: Connection timeout[39m], [Error Location: ProductService.ts:91:18]
[Error Time: 2024-12-20 06:36:00.274 PM], [Error Level: [31merror[39m], [Error Message: 	[31mFailed to connect Identity Service Kafka Producer: Connection error: [39m], [Error Location: Unknown location]
[Error Time: 2024-12-20 06:36:02.841 PM], [Error Level: [31merror[39m], [Error Message: 	[31mFailed to connect Product Service Kafka Producer: Connection error: [39m], [Error Location: Unknown location]
[Error Time: 2024-12-20 06:44:13.545 PM], [Error Level: [32minfo[39m], [Error Message: 	[32mIdentity Service Kafka Producer connected[39m], [Error Location: UserEventPublisher.ts:34:14]
[Error Time: 2024-12-20 06:44:13.551 PM], [Error Level: [32minfo[39m], [Error Message: 	[32mProduct Service Kafka Producer connected[39m], [Error Location: ProductEventPublisher.ts:35:14]
[Error Time: 2024-12-20 07:05:56.752 PM], [Error Level: [32minfo[39m], [Error Message: 	[32mProduct Service Kafka Producer connected[39m], [Error Location: ProductEventPublisher.ts:35:14]
[Error Time: 2024-12-20 07:05:56.799 PM], [Error Level: [32minfo[39m], [Error Message: 	[32mKafka product event published successfully[39m], [Error Location: ProductEventPublisher.ts:55:14]
[Error Time: 2024-12-20 07:12:03.728 PM], [Error Level: [32minfo[39m], [Error Message: 	[32mIdentity Service Kafka Producer connected[39m], [Error Location: UserEventPublisher.ts:34:14]
[Error Time: 2024-12-20 07:12:03.733 PM], [Error Level: [32minfo[39m], [Error Message: 	[32mProduct Service Kafka Producer connected[39m], [Error Location: ProductEventPublisher.ts:39:14]
[Error Time: 2024-12-20 07:24:51.880 PM], [Error Level: [32minfo[39m], [Error Message: 	[32mIdentity Service Kafka Producer connected[39m], [Error Location: UserEventPublisher.ts:34:14]
[Error Time: 2024-12-20 07:24:51.886 PM], [Error Level: [32minfo[39m], [Error Message: 	[32mProduct Service Kafka Producer connected[39m], [Error Location: ProductEventPublisher.ts:39:14]
[Error Time: 2024-12-20 07:26:13.978 PM], [Error Level: [32minfo[39m], [Error Message: 	[32mIdentity Service Kafka Producer connected[39m], [Error Location: UserEventPublisher.ts:34:14]
[Error Time: 2024-12-20 07:26:13.984 PM], [Error Level: [32minfo[39m], [Error Message: 	[32mProduct Service Kafka Producer connected[39m], [Error Location: ProductEventPublisher.ts:39:14]
[Error Time: 2024-12-20 07:31:26.813 PM], [Error Level: [32minfo[39m], [Error Message: 	[32mProduct Service Kafka Producer connected[39m], [Error Location: ProductEventPublisher.ts:39:14]
[Error Time: 2024-12-20 07:31:26.842 PM], [Error Level: [32minfo[39m], [Error Message: 	[32mKafka product event published successfully[39m], [Error Location: ProductEventPublisher.ts:59:14]
[Error Time: 2024-12-20 07:34:44.557 PM], [Error Level: [32minfo[39m], [Error Message: 	[32mIdentity Service Kafka Producer connected[39m], [Error Location: UserEventPublisher.ts:34:14]
[Error Time: 2024-12-20 07:34:44.562 PM], [Error Level: [32minfo[39m], [Error Message: 	[32mProduct Service Kafka Producer connected[39m], [Error Location: ProductEventPublisher.ts:39:14]
[Error Time: 2024-12-20 07:59:32.191 PM], [Error Level: [32minfo[39m], [Error Message: 	[32mIdentity Service Kafka Producer connected[39m], [Error Location: UserEventPublisher.ts:34:14]
[Error Time: 2024-12-20 07:59:32.197 PM], [Error Level: [32minfo[39m], [Error Message: 	[32mProduct Service Kafka Producer connected[39m], [Error Location: ProductEventPublisher.ts:39:14]
[Error Time: 2024-12-20 08:51:14.615 PM], [Error Level: [32minfo[39m], [Error Message: 	[32mIdentity Service Kafka Producer connected[39m], [Error Location: UserEventPublisher.ts:34:14]
[Error Time: 2024-12-20 08:51:14.621 PM], [Error Level: [32minfo[39m], [Error Message: 	[32mProduct Service Kafka Producer connected[39m], [Error Location: ProductEventPublisher.ts:39:14]
[Error Time: 2024-12-20 08:51:48.688 PM], [Error Level: [32minfo[39m], [Error Message: 	[32mIdentity Service Kafka Producer connected[39m], [Error Location: UserEventPublisher.ts:34:14]
[Error Time: 2024-12-20 08:51:48.694 PM], [Error Level: [32minfo[39m], [Error Message: 	[32mProduct Service Kafka Producer connected[39m], [Error Location: ProductEventPublisher.ts:39:14]
[Error Time: 2024-12-20 08:52:42.830 PM], [Error Level: [32minfo[39m], [Error Message: 	[32mIdentity Service Kafka Producer connected[39m], [Error Location: UserEventPublisher.ts:34:14]
[Error Time: 2024-12-20 08:52:42.835 PM], [Error Level: [32minfo[39m], [Error Message: 	[32mProduct Service Kafka Producer connected[39m], [Error Location: ProductEventPublisher.ts:39:14]
[Error Time: 2024-12-20 09:26:14.058 PM], [Error Level: [32minfo[39m], [Error Message: 	[32mIdentity Service Kafka Producer connected[39m], [Error Location: UserEventPublisher.ts:34:14]
[Error Time: 2024-12-20 09:26:14.063 PM], [Error Level: [32minfo[39m], [Error Message: 	[32mProduct Service Kafka Producer connected[39m], [Error Location: ProductEventPublisher.ts:39:14]
[Error Time: 2024-12-20 09:30:18.605 PM], [Error Level: [32minfo[39m], [Error Message: 	[32mIdentity Service Kafka Producer connected[39m], [Error Location: UserEventPublisher.ts:34:14]
[Error Time: 2024-12-20 09:30:18.610 PM], [Error Level: [32minfo[39m], [Error Message: 	[32mProduct Service Kafka Producer connected[39m], [Error Location: ProductEventPublisher.ts:39:14]
[Error Time: 2024-12-20 09:32:08.981 PM], [Error Level: [31merror[39m], [Error Message: 	[31m[ProductRepository - count]:  getaddrinfo ENOTFOUND elasticsearch[39m], [Error Location: Unknown location]
[Error Time: 2024-12-20 09:32:26.986 PM], [Error Level: [31merror[39m], [Error Message: 	[31m[ProductRepository - findAll]:  getaddrinfo ENOTFOUND elasticsearch[39m], [Error Location: Unknown location]
[Error Time: 2024-12-20 09:41:28.307 PM], [Error Level: [32minfo[39m], [Error Message: 	[32mIdentity Service Kafka Producer connected[39m], [Error Location: UserEventPublisher.ts:34:14]
[Error Time: 2024-12-20 09:41:28.314 PM], [Error Level: [32minfo[39m], [Error Message: 	[32mProduct Service Kafka Producer connected[39m], [Error Location: ProductEventPublisher.ts:39:14]
[Error Time: 2024-12-20 09:43:04.528 PM], [Error Level: [31merror[39m], [Error Message: 	[31m[ProductRepository - count]:  getaddrinfo ENOTFOUND elasticsearch[39m], [Error Location: Unknown location]
[Error Time: 2024-12-20 09:43:10.829 PM], [Error Level: [31merror[39m], [Error Message: 	[31m[ProductRepository - count]:  getaddrinfo ENOTFOUND elasticsearch[39m], [Error Location: Unknown location]
[Error Time: 2024-12-20 09:43:23.379 PM], [Error Level: [31merror[39m], [Error Message: 	[31m[ProductRepository - findAll]:  getaddrinfo ENOTFOUND elasticsearch[39m], [Error Location: Unknown location]
[Error Time: 2024-12-20 09:43:28.797 PM], [Error Level: [31merror[39m], [Error Message: 	[31m[ProductRepository - findAll]:  getaddrinfo ENOTFOUND elasticsearch[39m], [Error Location: Unknown location]
[Error Time: 2024-12-20 09:43:31.602 PM], [Error Level: [31merror[39m], [Error Message: 	[31m[ProductRepository - count]:  getaddrinfo ENOTFOUND elasticsearch[39m], [Error Location: Unknown location]
[Error Time: 2024-12-20 09:43:49.367 PM], [Error Level: [31merror[39m], [Error Message: 	[31m[ProductRepository - count]:  getaddrinfo ENOTFOUND elasticsearch[39m], [Error Location: Unknown location]
[Error Time: 2024-12-20 09:43:49.659 PM], [Error Level: [31merror[39m], [Error Message: 	[31m[ProductRepository - findAll]:  getaddrinfo ENOTFOUND elasticsearch[39m], [Error Location: Unknown location]
[Error Time: 2024-12-20 09:44:07.829 PM], [Error Level: [31merror[39m], [Error Message: 	[31m[ProductRepository - findAll]:  getaddrinfo ENOTFOUND elasticsearch[39m], [Error Location: Unknown location]
[Error Time: 2024-12-20 09:51:15.723 PM], [Error Level: [32minfo[39m], [Error Message: 	[32mIdentity Service Kafka Producer connected[39m], [Error Location: UserEventPublisher.ts:34:14]
[Error Time: 2024-12-20 09:51:15.728 PM], [Error Level: [32minfo[39m], [Error Message: 	[32mProduct Service Kafka Producer connected[39m], [Error Location: ProductEventPublisher.ts:39:14]
[Error Time: 2024-12-20 10:00:18.892 PM], [Error Level: [32minfo[39m], [Error Message: 	[32mIdentity Service Kafka Producer connected[39m], [Error Location: UserEventPublisher.ts:34:14]
[Error Time: 2024-12-20 10:00:18.897 PM], [Error Level: [32minfo[39m], [Error Message: 	[32mProduct Service Kafka Producer connected[39m], [Error Location: ProductEventPublisher.ts:39:14]
[Error Time: 2024-12-20 10:17:41.330 PM], [Error Level: [32minfo[39m], [Error Message: 	[32mIdentity Service Kafka Producer connected[39m], [Error Location: UserEventPublisher.ts:34:14]
[Error Time: 2024-12-20 10:17:41.336 PM], [Error Level: [32minfo[39m], [Error Message: 	[32mProduct Service Kafka Producer connected[39m], [Error Location: ProductEventPublisher.ts:39:14]
[Error Time: 2024-12-20 10:52:41.686 PM], [Error Level: [31merror[39m], [Error Message: 	[31m[ProductRepository - count]:  index_not_found_exception[39m
[31m	Root causes:[39m
[31m		index_not_found_exception: no such index [products][39m], [Error Location: Unknown location]
[Error Time: 2024-12-20 10:52:41.869 PM], [Error Level: [31merror[39m], [Error Message: 	[31m[ProductRepository - findAll]:  index_not_found_exception[39m
[31m	Root causes:[39m
[31m		index_not_found_exception: no such index [products][39m], [Error Location: Unknown location]
[Error Time: 2024-12-20 10:52:42.060 PM], [Error Level: [31merror[39m], [Error Message: 	[31m[ProductRepository - count]:  index_not_found_exception[39m
[31m	Root causes:[39m
[31m		index_not_found_exception: no such index [products][39m], [Error Location: Unknown location]
[Error Time: 2024-12-20 10:52:42.224 PM], [Error Level: [31merror[39m], [Error Message: 	[31m[ProductRepository - findAll]:  index_not_found_exception[39m
[31m	Root causes:[39m
[31m		index_not_found_exception: no such index [products][39m], [Error Location: Unknown location]
[Error Time: 2024-12-20 10:52:42.655 PM], [Error Level: [31merror[39m], [Error Message: 	[31m[ProductRepository - count]:  index_not_found_exception[39m
[31m	Root causes:[39m
[31m		index_not_found_exception: no such index [products][39m], [Error Location: Unknown location]
[Error Time: 2024-12-20 10:52:42.820 PM], [Error Level: [31merror[39m], [Error Message: 	[31m[ProductRepository - findAll]:  index_not_found_exception[39m
[31m	Root causes:[39m
[31m		index_not_found_exception: no such index [products][39m], [Error Location: Unknown location]
[Error Time: 2024-12-20 10:53:10.954 PM], [Error Level: [32minfo[39m], [Error Message: 	[32mIdentity Service Kafka Producer connected[39m], [Error Location: UserEventPublisher.ts:34:14]
[Error Time: 2024-12-20 10:53:10.959 PM], [Error Level: [32minfo[39m], [Error Message: 	[32mProduct Service Kafka Producer connected[39m], [Error Location: ProductEventPublisher.ts:39:14]
[Error Time: 2024-12-20 10:58:20.338 PM], [Error Level: [32minfo[39m], [Error Message: 	[32mIdentity Service Kafka Producer connected[39m], [Error Location: UserEventPublisher.ts:34:14]
[Error Time: 2024-12-20 10:58:20.344 PM], [Error Level: [32minfo[39m], [Error Message: 	[32mProduct Service Kafka Producer connected[39m], [Error Location: ProductEventPublisher.ts:39:14]
[Error Time: 2024-12-20 10:59:46.036 PM], [Error Level: [32minfo[39m], [Error Message: 	[32mIdentity Service Kafka Producer connected[39m], [Error Location: UserEventPublisher.ts:34:14]
[Error Time: 2024-12-20 10:59:46.041 PM], [Error Level: [32minfo[39m], [Error Message: 	[32mProduct Service Kafka Producer connected[39m], [Error Location: ProductEventPublisher.ts:39:14]
[Error Time: 2024-12-20 11:00:40.493 PM], [Error Level: [32minfo[39m], [Error Message: 	[32mIdentity Service Kafka Producer connected[39m], [Error Location: UserEventPublisher.ts:34:14]
[Error Time: 2024-12-20 11:00:40.498 PM], [Error Level: [32minfo[39m], [Error Message: 	[32mProduct Service Kafka Producer connected[39m], [Error Location: ProductEventPublisher.ts:39:14]
[Error Time: 2024-12-20 11:03:03.209 PM], [Error Level: [32minfo[39m], [Error Message: 	[32mIdentity Service Kafka Producer connected[39m], [Error Location: UserEventPublisher.ts:34:14]
[Error Time: 2024-12-20 11:03:03.215 PM], [Error Level: [32minfo[39m], [Error Message: 	[32mProduct Service Kafka Producer connected[39m], [Error Location: ProductEventPublisher.ts:39:14]
[Error Time: 2024-12-20 11:04:00.121 PM], [Error Level: [32minfo[39m], [Error Message: 	[32mIdentity Service Kafka Producer connected[39m], [Error Location: UserEventPublisher.ts:34:14]
[Error Time: 2024-12-20 11:04:00.126 PM], [Error Level: [32minfo[39m], [Error Message: 	[32mProduct Service Kafka Producer connected[39m], [Error Location: ProductEventPublisher.ts:39:14]
