[Error Time: 2024-12-15 05:29:05.341 PM], [Error Level: [31merror[39m], [Error Message: 	[31mThere is no value with that 675eb4d7569e6c31dc6e0079 key...[39m], [Error Location: Unknown location]
[Error Time: 2024-12-15 05:29:05.504 PM], [Error Level: [31merror[39m], [Error Message: 	[31mThere is no value with that 675ee76e15301f0df8fe96b8 key...[39m], [Error Location: Unknown location]
[Error Time: 2024-12-15 05:29:05.512 PM], [Error Level: [31merror[39m], [Error Message: 	[31mError validating product with Product Service Cannot read properties of undefined (reading 'url')[39m], [Error Location: Unknown location]
[Error Time: 2024-12-15 05:38:25.667 PM], [Error Level: [31merror[39m], [Error Message: 	[31mThere is no value with that 675ee76e15301f0df8fe96b8 key...[39m], [Error Location: Unknown location]
[Error Time: 2024-12-15 05:38:25.702 PM], [Error Level: [31merror[39m], [Error Message: 	[31mError validating product with Product Service Cannot read properties of undefined (reading 'url')[39m], [Error Location: Unknown location]
[Error Time: 2024-12-15 05:39:36.286 PM], [Error Level: [31merror[39m], [Error Message: 	[31mThere is no value with that 675ee76e15301f0df8fe96b8 key...[39m], [Error Location: Unknown location]
[Error Time: 2024-12-15 05:39:36.319 PM], [Error Level: [31merror[39m], [Error Message: 	[31mError validating product with Product Service Cannot read properties of undefined (reading 'url')[39m], [Error Location: Unknown location]
[Error Time: 2024-12-15 05:39:51.967 PM], [Error Level: [31merror[39m], [Error Message: 	[31mThere is no value with that 675ee76e15301f0df8fe96b8 key...[39m], [Error Location: Unknown location]
[Error Time: 2024-12-15 05:39:51.984 PM], [Error Level: [31merror[39m], [Error Message: 	[31mError validating product with Product Service Cannot read properties of undefined (reading 'url')[39m], [Error Location: Unknown location]
[Error Time: 2024-12-15 05:40:40.087 PM], [Error Level: [31merror[39m], [Error Message: 	[31mThere is no value with that 675ee76e15301f0df8fe96b8 key...[39m], [Error Location: Unknown location]
[Error Time: 2024-12-15 05:40:40.106 PM], [Error Level: [31merror[39m], [Error Message: 	[31mError validating product with Product Service Cannot read properties of undefined (reading 'url')[39m], [Error Location: Unknown location]
[Error Time: 2024-12-15 05:41:18.105 PM], [Error Level: [31merror[39m], [Error Message: 	[31mThere is no value with that 675ee76e15301f0df8fe96b8 key...[39m], [Error Location: Unknown location]
[Error Time: 2024-12-15 05:41:18.124 PM], [Error Level: [31merror[39m], [Error Message: 	[31mError validating product with Product Service Cannot read properties of undefined (reading 'url')[39m], [Error Location: Unknown location]
[Error Time: 2024-12-15 05:42:00.688 PM], [Error Level: [31merror[39m], [Error Message: 	[31mThere is no value with that 675ee76e15301f0df8fe96b8 key...[39m], [Error Location: Unknown location]
[Error Time: 2024-12-15 05:42:00.704 PM], [Error Level: [31merror[39m], [Error Message: 	[31mError validating product with Product Service Cannot read properties of undefined (reading 'url')[39m], [Error Location: Unknown location]
[Error Time: 2024-12-15 05:42:14.213 PM], [Error Level: [31merror[39m], [Error Message: 	[31mThere is no value with that 675ee76e15301f0df8fe96b8 key...[39m], [Error Location: Unknown location]
[Error Time: 2024-12-15 05:42:14.231 PM], [Error Level: [31merror[39m], [Error Message: 	[31mError validating product with Product Service Cannot read properties of undefined (reading 'url')[39m], [Error Location: Unknown location]
[Error Time: 2024-12-15 05:42:36.910 PM], [Error Level: [31merror[39m], [Error Message: 	[31mThere is no value with that 675ee76e15301f0df8fe96b8 key...[39m], [Error Location: Unknown location]
[Error Time: 2024-12-15 05:42:36.928 PM], [Error Level: [31merror[39m], [Error Message: 	[31mError validating product with Product Service Cannot read properties of undefined (reading 'url')[39m], [Error Location: Unknown location]
[Error Time: 2024-12-15 05:42:52.253 PM], [Error Level: [31merror[39m], [Error Message: 	[31mThere is no value with that 675ee76e15301f0df8fe96b8 key...[39m], [Error Location: Unknown location]
[Error Time: 2024-12-15 05:42:52.270 PM], [Error Level: [31merror[39m], [Error Message: 	[31mError validating product with Product Service Cannot read properties of undefined (reading 'url')[39m], [Error Location: Unknown location]
[Error Time: 2024-12-15 05:43:09.019 PM], [Error Level: [31merror[39m], [Error Message: 	[31mThere is no value with that 675ee76e15301f0df8fe96b8 key...[39m], [Error Location: Unknown location]
[Error Time: 2024-12-15 05:43:09.039 PM], [Error Level: [31merror[39m], [Error Message: 	[31mError validating product with Product Service Cannot read properties of undefined (reading 'url')[39m], [Error Location: Unknown location]
[Error Time: 2024-12-15 05:43:30.993 PM], [Error Level: [31merror[39m], [Error Message: 	[31mThere is no value with that 675ee76e15301f0df8fe96b8 key...[39m], [Error Location: Unknown location]
[Error Time: 2024-12-15 05:43:31.012 PM], [Error Level: [31merror[39m], [Error Message: 	[31mError validating product with Product Service Cannot read properties of undefined (reading 'url')[39m], [Error Location: Unknown location]
[Error Time: 2024-12-15 05:44:00.975 PM], [Error Level: [31merror[39m], [Error Message: 	[31mThere is no value with that 675ee76e15301f0df8fe96b8 key...[39m], [Error Location: Unknown location]
[Error Time: 2024-12-15 05:44:00.991 PM], [Error Level: [31merror[39m], [Error Message: 	[31mError validating product with Product Service Cannot read properties of undefined (reading 'url')[39m], [Error Location: Unknown location]
[Error Time: 2024-12-15 05:45:33.029 PM], [Error Level: [31merror[39m], [Error Message: 	[31mThere is no value with that 675ee76e15301f0df8fe96b8 key...[39m], [Error Location: Unknown location]
[Error Time: 2024-12-15 05:45:33.048 PM], [Error Level: [31merror[39m], [Error Message: 	[31mError validating product with Product Service Cannot read properties of undefined (reading 'url')[39m], [Error Location: Unknown location]
[Error Time: 2024-12-15 05:46:08.631 PM], [Error Level: [31merror[39m], [Error Message: 	[31mThere is no value with that 675ee76e15301f0df8fe96b8 key...[39m], [Error Location: Unknown location]
[Error Time: 2024-12-15 05:46:08.661 PM], [Error Level: [31merror[39m], [Error Message: 	[31mError validating product with Product Service Cannot read properties of undefined (reading 'url')[39m], [Error Location: Unknown location]
[Error Time: 2024-12-15 05:53:20.763 PM], [Error Level: [31merror[39m], [Error Message: 	[31mThere is no value with that 675ee76e15301f0df8fe96b8 key...[39m], [Error Location: Unknown location]
[Error Time: 2024-12-15 05:53:20.784 PM], [Error Level: [31merror[39m], [Error Message: 	[31mError validating product with Product Service Cannot read properties of undefined (reading 'url')[39m], [Error Location: Unknown location]
[Error Time: 2024-12-15 06:06:18.484 PM], [Error Level: [31merror[39m], [Error Message: 	[31mThere is no value with that 675ee76e15301f0df8fe96b8 key...[39m], [Error Location: Unknown location]
[Error Time: 2024-12-15 06:06:18.493 PM], [Error Level: [31merror[39m], [Error Message: 	[31mError validating product with Product Service Cannot read properties of undefined (reading '_id')[39m], [Error Location: Unknown location]
[Error Time: 2024-12-15 06:07:26.947 PM], [Error Level: [31merror[39m], [Error Message: 	[31mThere is no value with that 675ee76e15301f0df8fe96b8 key...[39m], [Error Location: Unknown location]
[Error Time: 2024-12-15 06:07:26.964 PM], [Error Level: [31merror[39m], [Error Message: 	[31mError validating product with Product Service Cannot read properties of undefined (reading '_id')[39m], [Error Location: Unknown location]
[Error Time: 2024-12-15 06:08:12.056 PM], [Error Level: [31merror[39m], [Error Message: 	[31mThere is no value with that 675ee76e15301f0df8fe96b8 key...[39m], [Error Location: Unknown location]
[Error Time: 2024-12-15 06:08:12.074 PM], [Error Level: [31merror[39m], [Error Message: 	[31mError validating product with Product Service Cannot read properties of undefined (reading '_id')[39m], [Error Location: Unknown location]
[Error Time: 2024-12-15 06:08:44.782 PM], [Error Level: [31merror[39m], [Error Message: 	[31mThere is no value with that 675ee76e15301f0df8fe96b8 key...[39m], [Error Location: Unknown location]
[Error Time: 2024-12-15 06:08:44.802 PM], [Error Level: [31merror[39m], [Error Message: 	[31mError validating product with Product Service Cannot read properties of undefined (reading '_id')[39m], [Error Location: Unknown location]
[Error Time: 2024-12-15 06:09:04.251 PM], [Error Level: [31merror[39m], [Error Message: 	[31mThere is no value with that 675ee76e15301f0df8fe96b8 key...[39m], [Error Location: Unknown location]
[Error Time: 2024-12-15 06:09:04.286 PM], [Error Level: [31merror[39m], [Error Message: 	[31mError validating product with Product Service Cannot read properties of undefined (reading '_id')[39m], [Error Location: Unknown location]
[Error Time: 2024-12-15 06:09:42.872 PM], [Error Level: [31merror[39m], [Error Message: 	[31mThere is no value with that 675ee76e15301f0df8fe96b8 key...[39m], [Error Location: Unknown location]
[Error Time: 2024-12-15 06:09:42.892 PM], [Error Level: [31merror[39m], [Error Message: 	[31mError validating product with Product Service Cannot read properties of undefined (reading '_id')[39m], [Error Location: Unknown location]
[Error Time: 2024-12-15 06:11:51.383 PM], [Error Level: [31merror[39m], [Error Message: 	[31mThere is no value with that 675ee76e15301f0df8fe96b8 key...[39m], [Error Location: Unknown location]
[Error Time: 2024-12-15 06:11:51.407 PM], [Error Level: [31merror[39m], [Error Message: 	[31mError validating product with Product Service Cannot read properties of undefined (reading '_id')[39m], [Error Location: Unknown location]
[Error Time: 2024-12-15 06:22:22.962 PM], [Error Level: [31merror[39m], [Error Message: 	[31mThere is no value with that 675ee76e15301f0df8fe96b8 key...[39m], [Error Location: Unknown location]
[Error Time: 2024-12-15 06:22:22.967 PM], [Error Level: [31merror[39m], [Error Message: 	[31mError validating product with Product Service Cannot read properties of undefined (reading '_id')[39m], [Error Location: Unknown location]
[Error Time: 2024-12-15 06:22:48.216 PM], [Error Level: [31merror[39m], [Error Message: 	[31mThere is no value with that 675ee76e15301f0df8fe96b8 key...[39m], [Error Location: Unknown location]
[Error Time: 2024-12-15 06:22:48.238 PM], [Error Level: [31merror[39m], [Error Message: 	[31mError validating product with Product Service Cannot read properties of undefined (reading '_id')[39m], [Error Location: Unknown location]
[Error Time: 2024-12-15 06:24:39.581 PM], [Error Level: [31merror[39m], [Error Message: 	[31mThere is no value with that 675ee76e15301f0df8fe96b8 key...[39m], [Error Location: Unknown location]
[Error Time: 2024-12-15 06:24:39.599 PM], [Error Level: [31merror[39m], [Error Message: 	[31mError validating product with Product Service Cannot read properties of undefined (reading '_id')[39m], [Error Location: Unknown location]
[Error Time: 2024-12-15 06:25:00.587 PM], [Error Level: [31merror[39m], [Error Message: 	[31mThere is no value with that 675ee76e15301f0df8fe96b8 key...[39m], [Error Location: Unknown location]
[Error Time: 2024-12-15 06:25:00.608 PM], [Error Level: [31merror[39m], [Error Message: 	[31mError validating product with Product Service Cannot read properties of undefined (reading '_id')[39m], [Error Location: Unknown location]
[Error Time: 2024-12-15 06:27:09.117 PM], [Error Level: [31merror[39m], [Error Message: 	[31mThere is no value with that 675ee76e15301f0df8fe96b8 key...[39m], [Error Location: Unknown location]
[Error Time: 2024-12-15 06:27:09.145 PM], [Error Level: [31merror[39m], [Error Message: 	[31m[Basket Service - saveBasket] Cannot read properties of undefined (reading 'findIndex')[39m], [Error Location: Unknown location]
[Error Time: 2024-12-15 06:27:53.168 PM], [Error Level: [31merror[39m], [Error Message: 	[31m[Basket Service - saveBasket] Cannot read properties of undefined (reading 'findIndex')[39m], [Error Location: Unknown location]
[Error Time: 2024-12-15 06:27:57.129 PM], [Error Level: [31merror[39m], [Error Message: 	[31m[Basket Service - saveBasket] Cannot read properties of undefined (reading 'findIndex')[39m], [Error Location: Unknown location]
[Error Time: 2024-12-15 06:29:31.622 PM], [Error Level: [31merror[39m], [Error Message: 	[31m[Basket Service - saveBasket] Cannot read properties of undefined (reading 'findIndex')[39m], [Error Location: Unknown location]
[Error Time: 2024-12-15 06:29:47.066 PM], [Error Level: [31merror[39m], [Error Message: 	[31m[Basket Service - saveBasket] Cannot read properties of undefined (reading 'findIndex')[39m], [Error Location: Unknown location]
[Error Time: 2024-12-15 06:30:00.194 PM], [Error Level: [31merror[39m], [Error Message: 	[31m[Basket Service - saveBasket] Cannot read properties of undefined (reading 'findIndex')[39m], [Error Location: Unknown location]
[Error Time: 2024-12-15 06:30:35.302 PM], [Error Level: [31merror[39m], [Error Message: 	[31m[Basket Service - saveBasket] Cannot read properties of undefined (reading 'findIndex')[39m], [Error Location: Unknown location]
[Error Time: 2024-12-15 06:30:46.517 PM], [Error Level: [31merror[39m], [Error Message: 	[31m[Basket Service - saveBasket] Cannot read properties of undefined (reading 'findIndex')[39m], [Error Location: Unknown location]
[Error Time: 2024-12-15 06:32:47.825 PM], [Error Level: [31merror[39m], [Error Message: 	[31mThere is no value with that 675eb4d7569e6c31dc6e0079 key...[39m], [Error Location: Unknown location]
[Error Time: 2024-12-15 06:32:47.990 PM], [Error Level: [31merror[39m], [Error Message: 	[31mThere is no value with that 675ee76e15301f0df8fe96b8 key...[39m], [Error Location: Unknown location]
[Error Time: 2024-12-15 06:32:48.013 PM], [Error Level: [31merror[39m], [Error Message: 	[31mError validating product with Product Service Request failed with status code 400[39m], [Error Location: Unknown location]
[Error Time: 2024-12-15 07:07:18.256 PM], [Error Level: [31merror[39m], [Error Message: 	[31mThere is no value with that 675ee76e15301f0df8fe96b8 key...[39m], [Error Location: Unknown location]
[Error Time: 2024-12-15 07:07:18.280 PM], [Error Level: [31merror[39m], [Error Message: 	[31mError validating product with Product Service Request failed with status code 400[39m], [Error Location: Unknown location]
[Error Time: 2024-12-15 07:07:51.476 PM], [Error Level: [31merror[39m], [Error Message: 	[31mThere is no value with that 675ee76e15301f0df8fe96b8 key...[39m], [Error Location: Unknown location]
[Error Time: 2024-12-15 07:07:51.499 PM], [Error Level: [31merror[39m], [Error Message: 	[31mError validating product with Product Service Request failed with status code 400[39m], [Error Location: Unknown location]
[Error Time: 2024-12-15 07:08:23.464 PM], [Error Level: [31merror[39m], [Error Message: 	[31mThere is no value with that 675ee76e15301f0df8fe96b8 key...[39m], [Error Location: Unknown location]
[Error Time: 2024-12-15 07:08:23.487 PM], [Error Level: [31merror[39m], [Error Message: 	[31mError validating product with Product Service Request failed with status code 400[39m], [Error Location: Unknown location]
[Error Time: 2024-12-15 07:10:17.927 PM], [Error Level: [31merror[39m], [Error Message: 	[31mThere is no value with that 675ee76e15301f0df8fe96b8 key...[39m], [Error Location: Unknown location]
[Error Time: 2024-12-15 07:10:17.949 PM], [Error Level: [31merror[39m], [Error Message: 	[31mError validating product with Product Service Request failed with status code 400[39m], [Error Location: Unknown location]
[Error Time: 2024-12-15 07:11:52.836 PM], [Error Level: [31merror[39m], [Error Message: 	[31mThere is no value with that 675ee76e15301f0df8fe96b8 key...[39m], [Error Location: Unknown location]
[Error Time: 2024-12-15 07:11:52.875 PM], [Error Level: [31merror[39m], [Error Message: 	[31mError validating product with Product Service Request failed with status code 400[39m], [Error Location: Unknown location]
[Error Time: 2024-12-15 07:14:25.428 PM], [Error Level: [31merror[39m], [Error Message: 	[31mThere is no value with that 675ee76e15301f0df8fe96b8 key...[39m], [Error Location: Unknown location]
[Error Time: 2024-12-15 07:14:25.451 PM], [Error Level: [31merror[39m], [Error Message: 	[31mError validating product with Product Service Request failed with status code 400[39m], [Error Location: Unknown location]
[Error Time: 2024-12-15 07:15:04.392 PM], [Error Level: [31merror[39m], [Error Message: 	[31mThere is no value with that 675ee76e15301f0df8fe96b8 key...[39m], [Error Location: Unknown location]
[Error Time: 2024-12-15 07:15:04.416 PM], [Error Level: [31merror[39m], [Error Message: 	[31mError validating product with Product Service Request failed with status code 400[39m], [Error Location: Unknown location]
[Error Time: 2024-12-15 09:09:59.646 PM], [Error Level: [31merror[39m], [Error Message: 	[31mThere is no value with that 675f1117184624c50435e28c key...[39m], [Error Location: Unknown location]
[Error Time: 2024-12-15 09:09:59.649 PM], [Error Level: [31merror[39m], [Error Message: 	[31mThere is no value with that 675f1117184624c50435e28c key...[39m], [Error Location: Unknown location]
[Error Time: 2024-12-15 09:10:26.394 PM], [Error Level: [31merror[39m], [Error Message: 	[31mThere is no value with that 675f161feaeead5e9bd7ed20 key...[39m], [Error Location: Unknown location]
[Error Time: 2024-12-15 09:10:26.430 PM], [Error Level: [31merror[39m], [Error Message: 	[31m[Basket Service - saveBasket] Cannot read properties of undefined (reading 'findIndex')[39m], [Error Location: Unknown location]
[Error Time: 2024-12-15 09:29:46.090 PM], [Error Level: [31merror[39m], [Error Message: 	[31mThere is no value with that basket-675f1117184624c50435e28c key...[39m], [Error Location: Unknown location]
[Error Time: 2024-12-15 09:29:46.093 PM], [Error Level: [31merror[39m], [Error Message: 	[31mThere is no value with that 675f1117184624c50435e28c key...[39m], [Error Location: Unknown location]
[Error Time: 2024-12-15 09:29:54.026 PM], [Error Level: [31merror[39m], [Error Message: 	[31mThere is no value with that basket-675f1117184624c50435e28c key...[39m], [Error Location: Unknown location]
[Error Time: 2024-12-15 09:30:03.910 PM], [Error Level: [31merror[39m], [Error Message: 	[31mThere is no value with that basket-675f1117184624c50435e28c key...[39m], [Error Location: Unknown location]
[Error Time: 2024-12-15 09:30:41.318 PM], [Error Level: [31merror[39m], [Error Message: 	[31mThere is no value with that basket-675f1117184624c50435e28c key...[39m], [Error Location: Unknown location]
[Error Time: 2024-12-15 09:38:35.676 PM], [Error Level: [31merror[39m], [Error Message: 	[31mThere is no value with that 675f161feaeead5e9bd7ed20 key...[39m], [Error Location: Unknown location]
[Error Time: 2024-12-15 09:38:35.705 PM], [Error Level: [31merror[39m], [Error Message: 	[31mError validating product with Product Service Request failed with status code 400[39m], [Error Location: Unknown location]
[Error Time: 2024-12-15 09:47:19.171 PM], [Error Level: [31merror[39m], [Error Message: 	[31mThere is no value with that 675f161feaeead5e9bd7ed20 key...[39m], [Error Location: Unknown location]
[Error Time: 2024-12-15 09:47:19.346 PM], [Error Level: [31merror[39m], [Error Message: 	[31m[Basket Service - saveBasket] basket.calculateTotalPrice is not a function[39m], [Error Location: Unknown location]
[Error Time: 2024-12-15 09:52:39.122 PM], [Error Level: [31merror[39m], [Error Message: 	[31m[Basket Service - saveBasket] basket.calculateTotalPrice is not a function[39m], [Error Location: Unknown location]
[Error Time: 2024-12-15 09:54:01.524 PM], [Error Level: [31merror[39m], [Error Message: 	[31m[Basket Service - saveBasket] basket.calculateTotalPrice is not a function[39m], [Error Location: Unknown location]
[Error Time: 2024-12-15 09:55:01.342 PM], [Error Level: [31merror[39m], [Error Message: 	[31m[Basket Service - saveBasket] basket.calculateTotalPrice is not a function[39m], [Error Location: Unknown location]
[Error Time: 2024-12-15 09:55:41.634 PM], [Error Level: [31merror[39m], [Error Message: 	[31m[Basket Service - saveBasket] basket.calculateTotalPrice is not a function[39m], [Error Location: Unknown location]
[Error Time: 2024-12-15 09:56:38.116 PM], [Error Level: [31merror[39m], [Error Message: 	[31m[Basket Service - saveBasket] basket.calculateTotalPrice is not a function[39m], [Error Location: Unknown location]
[Error Time: 2024-12-15 09:57:29.314 PM], [Error Level: [31merror[39m], [Error Message: 	[31m[Basket Service - saveBasket] basket.calculateTotalPrice is not a function[39m], [Error Location: Unknown location]
[Error Time: 2024-12-15 09:57:56.002 PM], [Error Level: [31merror[39m], [Error Message: 	[31m[Basket Service - saveBasket] basket.calculateTotalPrice is not a function[39m], [Error Location: Unknown location]
[Error Time: 2024-12-15 10:02:01.250 PM], [Error Level: [31merror[39m], [Error Message: 	[31mThere is no value with that 675f27a13bb6f0867af30f39 key...[39m], [Error Location: Unknown location]
[Error Time: 2024-12-18 12:11:34.587 AM], [Error Level: [31merror[39m], [Error Message: 	[31mFailed to start basket event consumer: KafkaJSNumberOfRetriesExceeded: Connection timeout[39m], [Error Location: Unknown location]
[Error Time: 2024-12-18 12:14:08.258 AM], [Error Level: [31merror[39m], [Error Message: 	[31mFailed to start basket event consumer: KafkaJSNumberOfRetriesExceeded: Connection timeout[39m], [Error Location: Unknown location]
[Error Time: 2024-12-18 01:05:21.382 AM], [Error Level: [31merror[39m], [Error Message: 	[31mFailed to start basket event consumer: KafkaJSNumberOfRetriesExceeded: Connection timeout[39m], [Error Location: Unknown location]
[Error Time: 2024-12-18 01:06:00.854 AM], [Error Level: [31merror[39m], [Error Message: 	[31mFailed to start basket event consumer: KafkaJSNumberOfRetriesExceeded: Connection timeout[39m], [Error Location: Unknown location]
[Error Time: 2024-12-18 10:48:17.650 AM], [Error Level: [31merror[39m], [Error Message: 	[31m'BasketRepository - getBasket' error ... Cannot read properties of undefined (reading 'get')[39m], [Error Location: Unknown location]
[Error Time: 2024-12-18 10:48:17.653 AM], [Error Level: [31merror[39m], [Error Message: 	[31m[UserValidRepository - getUserValid] error ... Cannot read properties of undefined (reading 'get')[39m], [Error Location: Unknown location]
[Error Time: 2024-12-18 10:48:17.678 AM], [Error Level: [31merror[39m], [Error Message: 	[31mError validating user with Identity Service[39m], [Error Location: Unknown location]
[Error Time: 2024-12-18 11:07:51.559 AM], [Error Level: [31merror[39m], [Error Message: 	[31mThere is no value with that 675f1117184624c50435e28c key...[39m], [Error Location: Unknown location]
[Error Time: 2024-12-18 11:17:31.736 AM], [Error Level: [31merror[39m], [Error Message: 	[31mThere is no value with that 675f27a13bb6f0867af30f39 key...[39m], [Error Location: BasketItemRepository.ts:30:14]
[Error Time: 2024-12-18 11:17:31.762 AM], [Error Level: [31merror[39m], [Error Message: 	[31mError validating product with Product Service Request failed with status code 404[39m], [Error Location: Unknown location]
[Error Time: 2024-12-18 11:20:24.305 AM], [Error Level: [31merror[39m], [Error Message: 	[31mThere is no value with that 675f27a13bb6f0867af30f39 key...[39m], [Error Location: BasketItemRepository.ts:30:14]
[Error Time: 2024-12-18 11:20:24.310 AM], [Error Level: [31merror[39m], [Error Message: 	[31mError validating product with Product Service[39m], [Error Location: Unknown location]
[Error Time: 2024-12-18 11:24:10.819 AM], [Error Level: [31merror[39m], [Error Message: 	[31mThere is no value with that 675f27a13bb6f0867af30f39 key...[39m], [Error Location: BasketItemRepository.ts:30:14]
[Error Time: 2024-12-18 11:24:10.837 AM], [Error Level: [31merror[39m], [Error Message: 	[31mError validating product with Product Service[39m], [Error Location: Unknown location]
[Error Time: 2024-12-18 11:25:56.457 AM], [Error Level: [31merror[39m], [Error Message: 	[31mThere is no value with that 675f27a13bb6f0867af30f39 key...[39m], [Error Location: BasketItemRepository.ts:30:14]
[Error Time: 2024-12-18 11:25:56.474 AM], [Error Level: [31merror[39m], [Error Message: 	[31mError validating product with Product Service[39m], [Error Location: Unknown location]
[Error Time: 2024-12-18 11:26:49.952 AM], [Error Level: [31merror[39m], [Error Message: 	[31mThere is no value with that 675f27a13bb6f0867af30f39 key...[39m], [Error Location: BasketItemRepository.ts:30:14]
[Error Time: 2024-12-18 11:26:49.976 AM], [Error Level: [31merror[39m], [Error Message: 	[31mError validating product with Product Service Request failed with status code 404[39m], [Error Location: Unknown location]
[Error Time: 2024-12-18 11:27:00.190 AM], [Error Level: [31merror[39m], [Error Message: 	[31mThere is no value with that 675f27a13bb6f0867af30f39 key...[39m], [Error Location: BasketItemRepository.ts:30:14]
[Error Time: 2024-12-18 11:27:00.194 AM], [Error Level: [31merror[39m], [Error Message: 	[31mError validating product with Product Service Request failed with status code 404[39m], [Error Location: Unknown location]
[Error Time: 2024-12-18 11:28:24.939 AM], [Error Level: [31merror[39m], [Error Message: 	[31mThere is no value with that 675f27a13bb6f0867af30f39 key...[39m], [Error Location: BasketItemRepository.ts:30:14]
[Error Time: 2024-12-18 11:28:24.974 AM], [Error Level: [31merror[39m], [Error Message: 	[31mError validating product with Product Service Request failed with status code 404[39m], [Error Location: Unknown location]
[Error Time: 2024-12-18 11:32:18.623 AM], [Error Level: [31merror[39m], [Error Message: 	[31mThere is no value with that 675f27a13bb6f0867af30f39 key...[39m], [Error Location: BasketItemRepository.ts:30:14]
[Error Time: 2024-12-18 12:20:37.355 PM], [Error Level: [31merror[39m], [Error Message: 	[31mThere is no value with that 6761eb6518757d9c169845d6 key...[39m], [Error Location: BasketItemRepository.ts:30:14]
[Error Time: 2024-12-18 12:20:40.960 PM], [Error Level: [31merror[39m], [Error Message: 	[31mThere is no value with that 6761e6dda418031f457284ce key...[39m], [Error Location: BasketItemRepository.ts:30:14]
[Error Time: 2024-12-18 12:21:26.442 PM], [Error Level: [31merror[39m], [Error Message: 	[31mThere is no value with that 6761787be854396d9b60fde2 key...[39m], [Error Location: BasketItemRepository.ts:30:14]
[Error Time: 2024-12-18 12:21:28.197 PM], [Error Level: [31merror[39m], [Error Message: 	[31mThere is no value with that 676178a5e854396d9b60fde6 key...[39m], [Error Location: BasketItemRepository.ts:30:14]
[Error Time: 2024-12-18 12:31:53.142 PM], [Error Level: [31merror[39m], [Error Message: 	[31mThere is no value with that 6761783fe854396d9b60fdd2 key...[39m], [Error Location: BasketItemRepository.ts:30:14]
[Error Time: 2024-12-18 01:16:35.874 PM], [Error Level: [31merror[39m], [Error Message: 	[31mThere is no value with that 676178bee854396d9b60fdea key...[39m], [Error Location: BasketItemRepository.ts:30:14]
[Error Time: 2024-12-19 10:04:33.564 PM], [Error Level: [31merror[39m], [Error Message: 	[31mThere is no value with that 675f1117184624c50435e28c key...[39m], [Error Location: UserValidRepository.ts:30:14]
[Error Time: 2024-12-19 10:15:23.022 PM], [Error Level: [31merror[39m], [Error Message: 	[31mThere is no value with that 6761785de854396d9b60fdda key...[39m], [Error Location: BasketItemRepository.ts:30:14]
[Error Time: 2024-12-20 06:26:14.282 PM], [Error Level: [31merror[39m], [Error Message: 	[31mFailed to start basket event consumer: KafkaJSProtocolError: This server does not host this topic-partition[39m], [Error Location: main.ts:82:14]
[Error Time: 2024-12-20 08:05:34.067 PM], [Error Level: [31merror[39m], [Error Message: 	[31mThere is no value with that 675f1117184624c50435e28c key...[39m], [Error Location: UserValidRepository.ts:30:14]
[Error Time: 2024-12-20 08:05:50.363 PM], [Error Level: [31merror[39m], [Error Message: 	[31mThere is no value with that 67658d2460d8ebab2b529234 key...[39m], [Error Location: BasketItemRepository.ts:30:14]
[Error Time: 2024-12-20 08:24:42.226 PM], [Error Level: [31merror[39m], [Error Message: 	[31mThere is no value with that 6761784ee854396d9b60fdd6 key...[39m], [Error Location: BasketItemRepository.ts:30:14]
[Error Time: 2024-12-20 08:24:42.684 PM], [Error Level: [31merror[39m], [Error Message: 	[31mThere is no value with that 6761785de854396d9b60fdda key...[39m], [Error Location: BasketItemRepository.ts:30:14]
[Error Time: 2024-12-20 08:24:43.149 PM], [Error Level: [31merror[39m], [Error Message: 	[31mThere is no value with that 6761786de854396d9b60fdde key...[39m], [Error Location: BasketItemRepository.ts:30:14]
[Error Time: 2024-12-20 08:32:42.581 PM], [Error Level: [31merror[39m], [Error Message: 	[31mThere is no value with that 6765870d5be1dec5b44c998a key...[39m], [Error Location: BasketItemRepository.ts:30:14]
[Error Time: 2024-12-20 08:32:43.856 PM], [Error Level: [31merror[39m], [Error Message: 	[31mThere is no value with that 676595e45f29de095f7de98b key...[39m], [Error Location: BasketItemRepository.ts:30:14]
[Error Time: 2024-12-20 10:30:56.792 PM], [Error Level: [31merror[39m], [Error Message: 	[31mThere is no value with that 67646de2d2d2a8a38647257c key...[39m], [Error Location: UserValidRepository.ts:30:14]
