[Error Time: 2024-12-20 12:06:32.825 AM], [Error Level: [31merror[39m], [Error Message: 	[31mError creating order: Order validation failed: products.0.price: Path `price` is required., products.1.price: Path `price` is required.[39m], [Error Location: Unknown location]
[Error Time: 2024-12-20 12:09:20.710 AM], [Error Level: [31merror[39m], [Error Message: 	[31mExpected double-quoted property name in JSON at position 27[39m], [Error Location: layer.js:71:5]
[Error Time: 2024-12-20 02:46:18.125 PM], [Error Level: [31merror[39m], [Error Message: 	[31mFailed to connect Order Service Kafka Consumer: Connection error: [39m], [Error Location: Unknown location]
[Error Time: 2024-12-20 02:46:25.314 PM], [Error Level: [32minfo[39m], [Error Message: 	[32mKafka consumer started successfully[39m], [Error Location: kafka.ts:47:14]
[Error Time: 2024-12-20 12:12:44.444 PM], [Error Level: [32minfo[39m], [Error Message: 	[32mOrder Service Kafka Consumer connected[39m], [Error Location: kafka.ts:29:14]
[Error Time: 2024-12-20 12:12:45.504 PM], [Error Level: [32minfo[39m], [Error Message: 	[32mKafka consumer started successfully[39m], [Error Location: kafka.ts:47:14]
[Error Time: 2024-12-20 12:28:06.479 PM], [Error Level: [31merror[39m], [Error Message: 	[31mFailed to connect Order Service Kafka Consumer: Connection timeout[39m], [Error Location: Unknown location]
[Error Time: 2024-12-20 12:28:16.891 PM], [Error Level: [32minfo[39m], [Error Message: 	[32mKafka consumer started successfully[39m], [Error Location: kafka.ts:47:14]
[Error Time: 2024-12-20 04:48:09.221 PM], [Error Level: [32minfo[39m], [Error Message: 	[32mOrder Service Kafka Consumer connected[39m], [Error Location: kafka.ts:29:14]
[Error Time: 2024-12-20 04:48:13.264 PM], [Error Level: [32minfo[39m], [Error Message: 	[32mKafka consumer started successfully[39m], [Error Location: kafka.ts:47:14]
[Error Time: 2024-12-20 04:51:35.000 PM], [Error Level: [32minfo[39m], [Error Message: 	[32mOrder Service Kafka Consumer connected[39m], [Error Location: kafka.ts:34:14]
[Error Time: 2024-12-20 04:51:53.331 PM], [Error Level: [32minfo[39m], [Error Message: 	[32mKafka consumer started successfully[39m], [Error Location: kafka.ts:52:14]
[Error Time: 2024-12-20 04:52:39.008 PM], [Error Level: [32minfo[39m], [Error Message: 	[32mOrder Service Kafka Consumer connected[39m], [Error Location: kafka.ts:34:14]
[Error Time: 2024-12-20 04:52:51.642 PM], [Error Level: [32minfo[39m], [Error Message: 	[32mKafka consumer started successfully[39m], [Error Location: kafka.ts:52:14]
[Error Time: 2024-12-20 05:05:29.168 PM], [Error Level: [32minfo[39m], [Error Message: 	[32mOrder Service Kafka Consumer connected[39m], [Error Location: kafka.ts:34:14]
[Error Time: 2024-12-20 05:05:52.143 PM], [Error Level: [32minfo[39m], [Error Message: 	[32mKafka consumer started successfully[39m], [Error Location: kafka.ts:52:14]
[Error Time: 2024-12-20 05:06:40.016 PM], [Error Level: [31merror[39m], [Error Message: 	[31mError creating order: Order validation failed: products.0.price: Path `price` is required., products.1.price: Path `price` is required.[39m], [Error Location: Unknown location]
[Error Time: 2024-12-20 05:06:40.018 PM], [Error Level: [31merror[39m], [Error Message: 	[31mFailed to create order for payment event: user12345[39m], [Error Location: Unknown location]
[Error Time: 2024-12-20 05:08:59.365 PM], [Error Level: [32minfo[39m], [Error Message: 	[32mOrder Service Kafka Consumer connected[39m], [Error Location: kafka.ts:34:14]
[Error Time: 2024-12-20 05:09:20.114 PM], [Error Level: [32minfo[39m], [Error Message: 	[32mKafka consumer started successfully[39m], [Error Location: kafka.ts:52:14]
[Error Time: 2024-12-20 05:09:39.409 PM], [Error Level: [32minfo[39m], [Error Message: 	[32mSuccessfully created order for payment event: userxxx[39m], [Error Location: kafka.ts:82:16]
[Error Time: 2024-12-20 05:11:48.275 PM], [Error Level: [32minfo[39m], [Error Message: 	[32mOrder Service Kafka Consumer connected[39m], [Error Location: kafka.ts:34:14]
[Error Time: 2024-12-20 05:12:09.490 PM], [Error Level: [32minfo[39m], [Error Message: 	[32mKafka consumer started successfully[39m], [Error Location: kafka.ts:52:14]
[Error Time: 2024-12-20 05:14:20.431 PM], [Error Level: [32minfo[39m], [Error Message: 	[32mOrder Service Kafka Consumer connected[39m], [Error Location: kafka.ts:39:14]
[Error Time: 2024-12-20 05:14:39.594 PM], [Error Level: [32minfo[39m], [Error Message: 	[32mKafka consumer started successfully[39m], [Error Location: kafka.ts:57:14]
[Error Time: 2024-12-20 07:50:43.587 PM], [Error Level: [32minfo[39m], [Error Message: 	[32mOrder Service Kafka Consumer connected[39m], [Error Location: kafka.ts:39:14]
[Error Time: 2024-12-20 07:50:46.612 PM], [Error Level: [32minfo[39m], [Error Message: 	[32mKafka consumer started successfully[39m], [Error Location: kafka.ts:57:14]
[Error Time: 2024-12-20 07:51:18.049 PM], [Error Level: [32minfo[39m], [Error Message: 	[32mSuccessfully created order for payment event: usertestest[39m], [Error Location: kafka.ts:87:16]
[Error Time: 2024-12-20 08:13:13.692 PM], [Error Level: [32minfo[39m], [Error Message: 	[32mSuccessfully created order for payment event: 67646de2d2d2a8a38647257c[39m], [Error Location: kafka.ts:87:16]
[Error Time: 2024-12-20 08:25:00.352 PM], [Error Level: [32minfo[39m], [Error Message: 	[32mSuccessfully created order for payment event: 67646de2d2d2a8a38647257c[39m], [Error Location: kafka.ts:87:16]
[Error Time: 2024-12-20 08:28:37.478 PM], [Error Level: [32minfo[39m], [Error Message: 	[32mSuccessfully created order for payment event: 67646de2d2d2a8a38647257c[39m], [Error Location: kafka.ts:87:16]
[Error Time: 2024-12-21 07:53:42.646 PM], [Error Level: [32minfo[39m], [Error Message: 	[32mOrder Service Kafka Consumer connected[39m], [Error Location: kafka.ts:39:14]
[Error Time: 2024-12-21 07:53:45.672 PM], [Error Level: [32minfo[39m], [Error Message: 	[32mKafka consumer started successfully[39m], [Error Location: kafka.ts:57:14]
[Error Time: 2024-12-21 08:12:54.219 PM], [Error Level: [32minfo[39m], [Error Message: 	[32mSuccessfully created order for payment event: 67646de2d2d2a8a38647257c[39m], [Error Location: kafka.ts:87:16]
[Error Time: 2024-12-21 08:23:54.801 PM], [Error Level: [32minfo[39m], [Error Message: 	[32mOrder Service Kafka Consumer connected[39m], [Error Location: kafka.ts:39:14]
[Error Time: 2024-12-21 08:23:57.833 PM], [Error Level: [32minfo[39m], [Error Message: 	[32mKafka consumer started successfully[39m], [Error Location: kafka.ts:57:14]
[Error Time: 2024-12-21 08:27:51.635 PM], [Error Level: [32minfo[39m], [Error Message: 	[32mSuccessfully created order for payment event: 67646de2d2d2a8a38647257c[39m], [Error Location: kafka.ts:87:16]
[Error Time: 2024-12-21 09:52:22.184 PM], [Error Level: [32minfo[39m], [Error Message: 	[32mSuccessfully created order for payment event: 676705334c111e080c241339[39m], [Error Location: kafka.ts:87:16]
[Error Time: 2024-12-21 09:54:22.070 PM], [Error Level: [32minfo[39m], [Error Message: 	[32mSuccessfully created order for payment event: 676705334c111e080c241339[39m], [Error Location: kafka.ts:87:16]
[Error Time: 2024-12-21 09:55:32.021 PM], [Error Level: [32minfo[39m], [Error Message: 	[32mOrder Service Kafka Consumer connected[39m], [Error Location: kafka.ts:39:14]
[Error Time: 2024-12-21 09:55:52.122 PM], [Error Level: [32minfo[39m], [Error Message: 	[32mKafka consumer started successfully[39m], [Error Location: kafka.ts:57:14]
[Error Time: 2024-12-21 09:56:02.736 PM], [Error Level: [32minfo[39m], [Error Message: 	[32mSuccessfully created order for payment event: 676705334c111e080c241339[39m], [Error Location: kafka.ts:89:16]
[Error Time: 2024-12-21 09:58:31.281 PM], [Error Level: [32minfo[39m], [Error Message: 	[32mOrder Service Kafka Consumer connected[39m], [Error Location: kafka.ts:39:14]
[Error Time: 2024-12-21 09:58:52.832 PM], [Error Level: [32minfo[39m], [Error Message: 	[32mKafka consumer started successfully[39m], [Error Location: kafka.ts:57:14]
[Error Time: 2024-12-21 09:59:17.983 PM], [Error Level: [32minfo[39m], [Error Message: 	[32mSuccessfully created order for payment event: 676705334c111e080c241339[39m], [Error Location: kafka.ts:88:16]
[Error Time: 2024-12-21 10:00:03.607 PM], [Error Level: [32minfo[39m], [Error Message: 	[32mOrder Service Kafka Consumer connected[39m], [Error Location: kafka.ts:39:14]
[Error Time: 2024-12-21 10:00:23.020 PM], [Error Level: [32minfo[39m], [Error Message: 	[32mKafka consumer started successfully[39m], [Error Location: kafka.ts:57:14]
[Error Time: 2024-12-21 10:01:45.621 PM], [Error Level: [32minfo[39m], [Error Message: 	[32mSuccessfully created order for payment event: 676705334c111e080c241339[39m], [Error Location: kafka.ts:88:16]
[Error Time: 2024-12-21 10:03:36.608 PM], [Error Level: [32minfo[39m], [Error Message: 	[32mOrder Service Kafka Consumer connected[39m], [Error Location: kafka.ts:39:14]
[Error Time: 2024-12-21 10:03:55.682 PM], [Error Level: [32minfo[39m], [Error Message: 	[32mKafka consumer started successfully[39m], [Error Location: kafka.ts:57:14]
[Error Time: 2024-12-21 10:04:07.749 PM], [Error Level: [32minfo[39m], [Error Message: 	[32mSuccessfully created order for payment event: 676705334c111e080c241339[39m], [Error Location: kafka.ts:88:16]
[Error Time: 2024-12-21 10:04:53.028 PM], [Error Level: [32minfo[39m], [Error Message: 	[32mOrder Service Kafka Consumer connected[39m], [Error Location: kafka.ts:39:14]
[Error Time: 2024-12-21 10:05:12.782 PM], [Error Level: [32minfo[39m], [Error Message: 	[32mKafka consumer started successfully[39m], [Error Location: kafka.ts:57:14]
[Error Time: 2024-12-21 10:10:37.164 PM], [Error Level: [32minfo[39m], [Error Message: 	[32mSuccessfully created order for payment event: 676705334c111e080c241339[39m], [Error Location: kafka.ts:88:16]
[Error Time: 2024-12-21 10:13:33.765 PM], [Error Level: [32minfo[39m], [Error Message: 	[32mOrder Service Kafka Consumer connected[39m], [Error Location: kafka.ts:39:14]
[Error Time: 2024-12-21 10:13:36.785 PM], [Error Level: [32minfo[39m], [Error Message: 	[32mKafka consumer started successfully[39m], [Error Location: kafka.ts:57:14]
[Error Time: 2024-12-21 11:24:21.935 PM], [Error Level: [32minfo[39m], [Error Message: 	[32mOrder Service Kafka Consumer connected[39m], [Error Location: kafka.ts:39:14]
[Error Time: 2024-12-21 11:24:24.958 PM], [Error Level: [32minfo[39m], [Error Message: 	[32mKafka consumer started successfully[39m], [Error Location: kafka.ts:57:14]
