[Error Time: 2024-12-15 05:29:05.341 PM], [Error Level: [31merror[39m], [Error Message: 	[31mThere is no value with that 675eb4d7569e6c31dc6e0079 key...[39m], [Error Location: Unknown location]
[Error Time: 2024-12-15 05:29:05.504 PM], [Error Level: [31merror[39m], [Error Message: 	[31mThere is no value with that 675ee76e15301f0df8fe96b8 key...[39m], [Error Location: Unknown location]
[Error Time: 2024-12-15 05:29:05.512 PM], [Error Level: [31merror[39m], [Error Message: 	[31mError validating product with Product Service Cannot read properties of undefined (reading 'url')[39m], [Error Location: Unknown location]
[Error Time: 2024-12-15 05:38:25.667 PM], [Error Level: [31merror[39m], [Error Message: 	[31mThere is no value with that 675ee76e15301f0df8fe96b8 key...[39m], [Error Location: Unknown location]
[Error Time: 2024-12-15 05:38:25.702 PM], [Error Level: [31merror[39m], [Error Message: 	[31mError validating product with Product Service Cannot read properties of undefined (reading 'url')[39m], [Error Location: Unknown location]
[Error Time: 2024-12-15 05:39:36.286 PM], [Error Level: [31merror[39m], [Error Message: 	[31mThere is no value with that 675ee76e15301f0df8fe96b8 key...[39m], [Error Location: Unknown location]
[Error Time: 2024-12-15 05:39:36.319 PM], [Error Level: [31merror[39m], [Error Message: 	[31mError validating product with Product Service Cannot read properties of undefined (reading 'url')[39m], [Error Location: Unknown location]
[Error Time: 2024-12-15 05:39:51.967 PM], [Error Level: [31merror[39m], [Error Message: 	[31mThere is no value with that 675ee76e15301f0df8fe96b8 key...[39m], [Error Location: Unknown location]
[Error Time: 2024-12-15 05:39:51.984 PM], [Error Level: [31merror[39m], [Error Message: 	[31mError validating product with Product Service Cannot read properties of undefined (reading 'url')[39m], [Error Location: Unknown location]
[Error Time: 2024-12-15 05:40:40.087 PM], [Error Level: [31merror[39m], [Error Message: 	[31mThere is no value with that 675ee76e15301f0df8fe96b8 key...[39m], [Error Location: Unknown location]
[Error Time: 2024-12-15 05:40:40.106 PM], [Error Level: [31merror[39m], [Error Message: 	[31mError validating product with Product Service Cannot read properties of undefined (reading 'url')[39m], [Error Location: Unknown location]
[Error Time: 2024-12-15 05:41:18.105 PM], [Error Level: [31merror[39m], [Error Message: 	[31mThere is no value with that 675ee76e15301f0df8fe96b8 key...[39m], [Error Location: Unknown location]
[Error Time: 2024-12-15 05:41:18.124 PM], [Error Level: [31merror[39m], [Error Message: 	[31mError validating product with Product Service Cannot read properties of undefined (reading 'url')[39m], [Error Location: Unknown location]
[Error Time: 2024-12-15 05:42:00.688 PM], [Error Level: [31merror[39m], [Error Message: 	[31mThere is no value with that 675ee76e15301f0df8fe96b8 key...[39m], [Error Location: Unknown location]
[Error Time: 2024-12-15 05:42:00.704 PM], [Error Level: [31merror[39m], [Error Message: 	[31mError validating product with Product Service Cannot read properties of undefined (reading 'url')[39m], [Error Location: Unknown location]
[Error Time: 2024-12-15 05:42:14.213 PM], [Error Level: [31merror[39m], [Error Message: 	[31mThere is no value with that 675ee76e15301f0df8fe96b8 key...[39m], [Error Location: Unknown location]
[Error Time: 2024-12-15 05:42:14.231 PM], [Error Level: [31merror[39m], [Error Message: 	[31mError validating product with Product Service Cannot read properties of undefined (reading 'url')[39m], [Error Location: Unknown location]
[Error Time: 2024-12-15 05:42:36.910 PM], [Error Level: [31merror[39m], [Error Message: 	[31mThere is no value with that 675ee76e15301f0df8fe96b8 key...[39m], [Error Location: Unknown location]
[Error Time: 2024-12-15 05:42:36.928 PM], [Error Level: [31merror[39m], [Error Message: 	[31mError validating product with Product Service Cannot read properties of undefined (reading 'url')[39m], [Error Location: Unknown location]
[Error Time: 2024-12-15 05:42:52.253 PM], [Error Level: [31merror[39m], [Error Message: 	[31mThere is no value with that 675ee76e15301f0df8fe96b8 key...[39m], [Error Location: Unknown location]
[Error Time: 2024-12-15 05:42:52.270 PM], [Error Level: [31merror[39m], [Error Message: 	[31mError validating product with Product Service Cannot read properties of undefined (reading 'url')[39m], [Error Location: Unknown location]
[Error Time: 2024-12-15 05:43:09.019 PM], [Error Level: [31merror[39m], [Error Message: 	[31mThere is no value with that 675ee76e15301f0df8fe96b8 key...[39m], [Error Location: Unknown location]
[Error Time: 2024-12-15 05:43:09.039 PM], [Error Level: [31merror[39m], [Error Message: 	[31mError validating product with Product Service Cannot read properties of undefined (reading 'url')[39m], [Error Location: Unknown location]
[Error Time: 2024-12-15 05:43:30.993 PM], [Error Level: [31merror[39m], [Error Message: 	[31mThere is no value with that 675ee76e15301f0df8fe96b8 key...[39m], [Error Location: Unknown location]
[Error Time: 2024-12-15 05:43:31.012 PM], [Error Level: [31merror[39m], [Error Message: 	[31mError validating product with Product Service Cannot read properties of undefined (reading 'url')[39m], [Error Location: Unknown location]
[Error Time: 2024-12-15 05:44:00.975 PM], [Error Level: [31merror[39m], [Error Message: 	[31mThere is no value with that 675ee76e15301f0df8fe96b8 key...[39m], [Error Location: Unknown location]
[Error Time: 2024-12-15 05:44:00.991 PM], [Error Level: [31merror[39m], [Error Message: 	[31mError validating product with Product Service Cannot read properties of undefined (reading 'url')[39m], [Error Location: Unknown location]
[Error Time: 2024-12-15 05:45:33.029 PM], [Error Level: [31merror[39m], [Error Message: 	[31mThere is no value with that 675ee76e15301f0df8fe96b8 key...[39m], [Error Location: Unknown location]
[Error Time: 2024-12-15 05:45:33.048 PM], [Error Level: [31merror[39m], [Error Message: 	[31mError validating product with Product Service Cannot read properties of undefined (reading 'url')[39m], [Error Location: Unknown location]
[Error Time: 2024-12-15 05:46:08.631 PM], [Error Level: [31merror[39m], [Error Message: 	[31mThere is no value with that 675ee76e15301f0df8fe96b8 key...[39m], [Error Location: Unknown location]
[Error Time: 2024-12-15 05:46:08.661 PM], [Error Level: [31merror[39m], [Error Message: 	[31mError validating product with Product Service Cannot read properties of undefined (reading 'url')[39m], [Error Location: Unknown location]
[Error Time: 2024-12-15 05:53:20.763 PM], [Error Level: [31merror[39m], [Error Message: 	[31mThere is no value with that 675ee76e15301f0df8fe96b8 key...[39m], [Error Location: Unknown location]
[Error Time: 2024-12-15 05:53:20.784 PM], [Error Level: [31merror[39m], [Error Message: 	[31mError validating product with Product Service Cannot read properties of undefined (reading 'url')[39m], [Error Location: Unknown location]
[Error Time: 2024-12-15 06:06:18.484 PM], [Error Level: [31merror[39m], [Error Message: 	[31mThere is no value with that 675ee76e15301f0df8fe96b8 key...[39m], [Error Location: Unknown location]
[Error Time: 2024-12-15 06:06:18.493 PM], [Error Level: [31merror[39m], [Error Message: 	[31mError validating product with Product Service Cannot read properties of undefined (reading '_id')[39m], [Error Location: Unknown location]
[Error Time: 2024-12-15 06:07:26.947 PM], [Error Level: [31merror[39m], [Error Message: 	[31mThere is no value with that 675ee76e15301f0df8fe96b8 key...[39m], [Error Location: Unknown location]
[Error Time: 2024-12-15 06:07:26.964 PM], [Error Level: [31merror[39m], [Error Message: 	[31mError validating product with Product Service Cannot read properties of undefined (reading '_id')[39m], [Error Location: Unknown location]
[Error Time: 2024-12-15 06:08:12.056 PM], [Error Level: [31merror[39m], [Error Message: 	[31mThere is no value with that 675ee76e15301f0df8fe96b8 key...[39m], [Error Location: Unknown location]
[Error Time: 2024-12-15 06:08:12.074 PM], [Error Level: [31merror[39m], [Error Message: 	[31mError validating product with Product Service Cannot read properties of undefined (reading '_id')[39m], [Error Location: Unknown location]
[Error Time: 2024-12-15 06:08:44.782 PM], [Error Level: [31merror[39m], [Error Message: 	[31mThere is no value with that 675ee76e15301f0df8fe96b8 key...[39m], [Error Location: Unknown location]
[Error Time: 2024-12-15 06:08:44.802 PM], [Error Level: [31merror[39m], [Error Message: 	[31mError validating product with Product Service Cannot read properties of undefined (reading '_id')[39m], [Error Location: Unknown location]
[Error Time: 2024-12-15 06:09:04.251 PM], [Error Level: [31merror[39m], [Error Message: 	[31mThere is no value with that 675ee76e15301f0df8fe96b8 key...[39m], [Error Location: Unknown location]
[Error Time: 2024-12-15 06:09:04.286 PM], [Error Level: [31merror[39m], [Error Message: 	[31mError validating product with Product Service Cannot read properties of undefined (reading '_id')[39m], [Error Location: Unknown location]
[Error Time: 2024-12-15 06:09:42.872 PM], [Error Level: [31merror[39m], [Error Message: 	[31mThere is no value with that 675ee76e15301f0df8fe96b8 key...[39m], [Error Location: Unknown location]
[Error Time: 2024-12-15 06:09:42.892 PM], [Error Level: [31merror[39m], [Error Message: 	[31mError validating product with Product Service Cannot read properties of undefined (reading '_id')[39m], [Error Location: Unknown location]
[Error Time: 2024-12-15 06:11:51.383 PM], [Error Level: [31merror[39m], [Error Message: 	[31mThere is no value with that 675ee76e15301f0df8fe96b8 key...[39m], [Error Location: Unknown location]
[Error Time: 2024-12-15 06:11:51.407 PM], [Error Level: [31merror[39m], [Error Message: 	[31mError validating product with Product Service Cannot read properties of undefined (reading '_id')[39m], [Error Location: Unknown location]
[Error Time: 2024-12-15 06:22:22.962 PM], [Error Level: [31merror[39m], [Error Message: 	[31mThere is no value with that 675ee76e15301f0df8fe96b8 key...[39m], [Error Location: Unknown location]
[Error Time: 2024-12-15 06:22:22.967 PM], [Error Level: [31merror[39m], [Error Message: 	[31mError validating product with Product Service Cannot read properties of undefined (reading '_id')[39m], [Error Location: Unknown location]
[Error Time: 2024-12-15 06:22:48.216 PM], [Error Level: [31merror[39m], [Error Message: 	[31mThere is no value with that 675ee76e15301f0df8fe96b8 key...[39m], [Error Location: Unknown location]
[Error Time: 2024-12-15 06:22:48.238 PM], [Error Level: [31merror[39m], [Error Message: 	[31mError validating product with Product Service Cannot read properties of undefined (reading '_id')[39m], [Error Location: Unknown location]
[Error Time: 2024-12-15 06:24:39.581 PM], [Error Level: [31merror[39m], [Error Message: 	[31mThere is no value with that 675ee76e15301f0df8fe96b8 key...[39m], [Error Location: Unknown location]
[Error Time: 2024-12-15 06:24:39.599 PM], [Error Level: [31merror[39m], [Error Message: 	[31mError validating product with Product Service Cannot read properties of undefined (reading '_id')[39m], [Error Location: Unknown location]
[Error Time: 2024-12-15 06:25:00.587 PM], [Error Level: [31merror[39m], [Error Message: 	[31mThere is no value with that 675ee76e15301f0df8fe96b8 key...[39m], [Error Location: Unknown location]
[Error Time: 2024-12-15 06:25:00.608 PM], [Error Level: [31merror[39m], [Error Message: 	[31mError validating product with Product Service Cannot read properties of undefined (reading '_id')[39m], [Error Location: Unknown location]
[Error Time: 2024-12-15 06:27:09.117 PM], [Error Level: [31merror[39m], [Error Message: 	[31mThere is no value with that 675ee76e15301f0df8fe96b8 key...[39m], [Error Location: Unknown location]
[Error Time: 2024-12-15 06:27:09.145 PM], [Error Level: [31merror[39m], [Error Message: 	[31m[Basket Service - saveBasket] Cannot read properties of undefined (reading 'findIndex')[39m], [Error Location: Unknown location]
[Error Time: 2024-12-15 06:27:53.168 PM], [Error Level: [31merror[39m], [Error Message: 	[31m[Basket Service - saveBasket] Cannot read properties of undefined (reading 'findIndex')[39m], [Error Location: Unknown location]
[Error Time: 2024-12-15 06:27:57.129 PM], [Error Level: [31merror[39m], [Error Message: 	[31m[Basket Service - saveBasket] Cannot read properties of undefined (reading 'findIndex')[39m], [Error Location: Unknown location]
[Error Time: 2024-12-15 06:29:31.622 PM], [Error Level: [31merror[39m], [Error Message: 	[31m[Basket Service - saveBasket] Cannot read properties of undefined (reading 'findIndex')[39m], [Error Location: Unknown location]
[Error Time: 2024-12-15 06:29:47.066 PM], [Error Level: [31merror[39m], [Error Message: 	[31m[Basket Service - saveBasket] Cannot read properties of undefined (reading 'findIndex')[39m], [Error Location: Unknown location]
[Error Time: 2024-12-15 06:30:00.194 PM], [Error Level: [31merror[39m], [Error Message: 	[31m[Basket Service - saveBasket] Cannot read properties of undefined (reading 'findIndex')[39m], [Error Location: Unknown location]
[Error Time: 2024-12-15 06:30:35.302 PM], [Error Level: [31merror[39m], [Error Message: 	[31m[Basket Service - saveBasket] Cannot read properties of undefined (reading 'findIndex')[39m], [Error Location: Unknown location]
[Error Time: 2024-12-15 06:30:46.517 PM], [Error Level: [31merror[39m], [Error Message: 	[31m[Basket Service - saveBasket] Cannot read properties of undefined (reading 'findIndex')[39m], [Error Location: Unknown location]
[Error Time: 2024-12-15 06:32:47.825 PM], [Error Level: [31merror[39m], [Error Message: 	[31mThere is no value with that 675eb4d7569e6c31dc6e0079 key...[39m], [Error Location: Unknown location]
[Error Time: 2024-12-15 06:32:47.990 PM], [Error Level: [31merror[39m], [Error Message: 	[31mThere is no value with that 675ee76e15301f0df8fe96b8 key...[39m], [Error Location: Unknown location]
[Error Time: 2024-12-15 06:32:48.013 PM], [Error Level: [31merror[39m], [Error Message: 	[31mError validating product with Product Service Request failed with status code 400[39m], [Error Location: Unknown location]
[Error Time: 2024-12-15 07:07:18.256 PM], [Error Level: [31merror[39m], [Error Message: 	[31mThere is no value with that 675ee76e15301f0df8fe96b8 key...[39m], [Error Location: Unknown location]
[Error Time: 2024-12-15 07:07:18.280 PM], [Error Level: [31merror[39m], [Error Message: 	[31mError validating product with Product Service Request failed with status code 400[39m], [Error Location: Unknown location]
[Error Time: 2024-12-15 07:07:51.476 PM], [Error Level: [31merror[39m], [Error Message: 	[31mThere is no value with that 675ee76e15301f0df8fe96b8 key...[39m], [Error Location: Unknown location]
[Error Time: 2024-12-15 07:07:51.499 PM], [Error Level: [31merror[39m], [Error Message: 	[31mError validating product with Product Service Request failed with status code 400[39m], [Error Location: Unknown location]
[Error Time: 2024-12-15 07:08:23.464 PM], [Error Level: [31merror[39m], [Error Message: 	[31mThere is no value with that 675ee76e15301f0df8fe96b8 key...[39m], [Error Location: Unknown location]
[Error Time: 2024-12-15 07:08:23.487 PM], [Error Level: [31merror[39m], [Error Message: 	[31mError validating product with Product Service Request failed with status code 400[39m], [Error Location: Unknown location]
[Error Time: 2024-12-15 07:10:17.927 PM], [Error Level: [31merror[39m], [Error Message: 	[31mThere is no value with that 675ee76e15301f0df8fe96b8 key...[39m], [Error Location: Unknown location]
[Error Time: 2024-12-15 07:10:17.949 PM], [Error Level: [31merror[39m], [Error Message: 	[31mError validating product with Product Service Request failed with status code 400[39m], [Error Location: Unknown location]
[Error Time: 2024-12-15 07:11:52.836 PM], [Error Level: [31merror[39m], [Error Message: 	[31mThere is no value with that 675ee76e15301f0df8fe96b8 key...[39m], [Error Location: Unknown location]
[Error Time: 2024-12-15 07:11:52.875 PM], [Error Level: [31merror[39m], [Error Message: 	[31mError validating product with Product Service Request failed with status code 400[39m], [Error Location: Unknown location]
[Error Time: 2024-12-15 07:14:25.428 PM], [Error Level: [31merror[39m], [Error Message: 	[31mThere is no value with that 675ee76e15301f0df8fe96b8 key...[39m], [Error Location: Unknown location]
[Error Time: 2024-12-15 07:14:25.451 PM], [Error Level: [31merror[39m], [Error Message: 	[31mError validating product with Product Service Request failed with status code 400[39m], [Error Location: Unknown location]
[Error Time: 2024-12-15 07:15:04.392 PM], [Error Level: [31merror[39m], [Error Message: 	[31mThere is no value with that 675ee76e15301f0df8fe96b8 key...[39m], [Error Location: Unknown location]
[Error Time: 2024-12-15 07:15:04.416 PM], [Error Level: [31merror[39m], [Error Message: 	[31mError validating product with Product Service Request failed with status code 400[39m], [Error Location: Unknown location]
[Error Time: 2024-12-15 09:09:59.646 PM], [Error Level: [31merror[39m], [Error Message: 	[31mThere is no value with that 675f1117184624c50435e28c key...[39m], [Error Location: Unknown location]
[Error Time: 2024-12-15 09:09:59.649 PM], [Error Level: [31merror[39m], [Error Message: 	[31mThere is no value with that 675f1117184624c50435e28c key...[39m], [Error Location: Unknown location]
[Error Time: 2024-12-15 09:10:26.394 PM], [Error Level: [31merror[39m], [Error Message: 	[31mThere is no value with that 675f161feaeead5e9bd7ed20 key...[39m], [Error Location: Unknown location]
[Error Time: 2024-12-15 09:10:26.430 PM], [Error Level: [31merror[39m], [Error Message: 	[31m[Basket Service - saveBasket] Cannot read properties of undefined (reading 'findIndex')[39m], [Error Location: Unknown location]
[Error Time: 2024-12-15 09:29:46.090 PM], [Error Level: [31merror[39m], [Error Message: 	[31mThere is no value with that basket-675f1117184624c50435e28c key...[39m], [Error Location: Unknown location]
[Error Time: 2024-12-15 09:29:46.093 PM], [Error Level: [31merror[39m], [Error Message: 	[31mThere is no value with that 675f1117184624c50435e28c key...[39m], [Error Location: Unknown location]
[Error Time: 2024-12-15 09:29:54.026 PM], [Error Level: [31merror[39m], [Error Message: 	[31mThere is no value with that basket-675f1117184624c50435e28c key...[39m], [Error Location: Unknown location]
[Error Time: 2024-12-15 09:30:03.910 PM], [Error Level: [31merror[39m], [Error Message: 	[31mThere is no value with that basket-675f1117184624c50435e28c key...[39m], [Error Location: Unknown location]
[Error Time: 2024-12-15 09:30:41.318 PM], [Error Level: [31merror[39m], [Error Message: 	[31mThere is no value with that basket-675f1117184624c50435e28c key...[39m], [Error Location: Unknown location]
[Error Time: 2024-12-15 09:32:42.222 PM], [Error Level: [32minfo[39m], [Error Message: 	[32mThere is no value with that basket-675f1117184624c50435e28c key...[39m], [Error Location: Unknown location]
[Error Time: 2024-12-15 09:38:04.561 PM], [Error Level: [32minfo[39m], [Error Message: 	[32mThere is no value with that basket-675f1117184624c50435e28c key...[39m], [Error Location: Unknown location]
[Error Time: 2024-12-15 09:38:35.676 PM], [Error Level: [31merror[39m], [Error Message: 	[31mThere is no value with that 675f161feaeead5e9bd7ed20 key...[39m], [Error Location: Unknown location]
[Error Time: 2024-12-15 09:38:35.705 PM], [Error Level: [31merror[39m], [Error Message: 	[31mError validating product with Product Service Request failed with status code 400[39m], [Error Location: Unknown location]
[Error Time: 2024-12-15 09:47:19.171 PM], [Error Level: [31merror[39m], [Error Message: 	[31mThere is no value with that 675f161feaeead5e9bd7ed20 key...[39m], [Error Location: Unknown location]
[Error Time: 2024-12-15 09:47:19.346 PM], [Error Level: [31merror[39m], [Error Message: 	[31m[Basket Service - saveBasket] basket.calculateTotalPrice is not a function[39m], [Error Location: Unknown location]
[Error Time: 2024-12-15 09:52:39.122 PM], [Error Level: [31merror[39m], [Error Message: 	[31m[Basket Service - saveBasket] basket.calculateTotalPrice is not a function[39m], [Error Location: Unknown location]
[Error Time: 2024-12-15 09:54:01.524 PM], [Error Level: [31merror[39m], [Error Message: 	[31m[Basket Service - saveBasket] basket.calculateTotalPrice is not a function[39m], [Error Location: Unknown location]
[Error Time: 2024-12-15 09:55:01.342 PM], [Error Level: [31merror[39m], [Error Message: 	[31m[Basket Service - saveBasket] basket.calculateTotalPrice is not a function[39m], [Error Location: Unknown location]
[Error Time: 2024-12-15 09:55:41.634 PM], [Error Level: [31merror[39m], [Error Message: 	[31m[Basket Service - saveBasket] basket.calculateTotalPrice is not a function[39m], [Error Location: Unknown location]
[Error Time: 2024-12-15 09:56:38.116 PM], [Error Level: [31merror[39m], [Error Message: 	[31m[Basket Service - saveBasket] basket.calculateTotalPrice is not a function[39m], [Error Location: Unknown location]
[Error Time: 2024-12-15 09:57:29.314 PM], [Error Level: [31merror[39m], [Error Message: 	[31m[Basket Service - saveBasket] basket.calculateTotalPrice is not a function[39m], [Error Location: Unknown location]
[Error Time: 2024-12-15 09:57:56.002 PM], [Error Level: [31merror[39m], [Error Message: 	[31m[Basket Service - saveBasket] basket.calculateTotalPrice is not a function[39m], [Error Location: Unknown location]
[Error Time: 2024-12-15 10:02:01.250 PM], [Error Level: [31merror[39m], [Error Message: 	[31mThere is no value with that 675f27a13bb6f0867af30f39 key...[39m], [Error Location: Unknown location]
[Error Time: 2024-12-18 12:11:34.587 AM], [Error Level: [31merror[39m], [Error Message: 	[31mFailed to start basket event consumer: KafkaJSNumberOfRetriesExceeded: Connection timeout[39m], [Error Location: Unknown location]
[Error Time: 2024-12-18 12:14:08.258 AM], [Error Level: [31merror[39m], [Error Message: 	[31mFailed to start basket event consumer: KafkaJSNumberOfRetriesExceeded: Connection timeout[39m], [Error Location: Unknown location]
[Error Time: 2024-12-18 01:05:21.382 AM], [Error Level: [31merror[39m], [Error Message: 	[31mFailed to start basket event consumer: KafkaJSNumberOfRetriesExceeded: Connection timeout[39m], [Error Location: Unknown location]
[Error Time: 2024-12-18 01:06:00.854 AM], [Error Level: [31merror[39m], [Error Message: 	[31mFailed to start basket event consumer: KafkaJSNumberOfRetriesExceeded: Connection timeout[39m], [Error Location: Unknown location]
[Error Time: 2024-12-18 10:48:17.650 AM], [Error Level: [31merror[39m], [Error Message: 	[31m'BasketRepository - getBasket' error ... Cannot read properties of undefined (reading 'get')[39m], [Error Location: Unknown location]
[Error Time: 2024-12-18 10:48:17.653 AM], [Error Level: [31merror[39m], [Error Message: 	[31m[UserValidRepository - getUserValid] error ... Cannot read properties of undefined (reading 'get')[39m], [Error Location: Unknown location]
[Error Time: 2024-12-18 10:48:17.678 AM], [Error Level: [31merror[39m], [Error Message: 	[31mError validating user with Identity Service[39m], [Error Location: Unknown location]
[Error Time: 2024-12-18 11:07:51.556 AM], [Error Level: [32minfo[39m], [Error Message: 	[32mBASKETREDISSERVICE[39m], [Error Location: Unknown location]
[Error Time: 2024-12-18 11:07:51.557 AM], [Error Level: [32minfo[39m], [Error Message: 	[32mThere is no value with that basket:675f1117184624c50435e28c key...[39m], [Error Location: Unknown location]
[Error Time: 2024-12-18 11:07:51.558 AM], [Error Level: [32minfo[39m], [Error Message: 	[32mBASKETREDISSERVICE[39m], [Error Location: Unknown location]
[Error Time: 2024-12-18 11:07:51.559 AM], [Error Level: [31merror[39m], [Error Message: 	[31mThere is no value with that 675f1117184624c50435e28c key...[39m], [Error Location: Unknown location]
[Error Time: 2024-12-18 11:17:31.736 AM], [Error Level: [31merror[39m], [Error Message: 	[31mThere is no value with that 675f27a13bb6f0867af30f39 key...[39m], [Error Location: BasketItemRepository.ts:30:14]
[Error Time: 2024-12-18 11:17:31.762 AM], [Error Level: [31merror[39m], [Error Message: 	[31mError validating product with Product Service Request failed with status code 404[39m], [Error Location: Unknown location]
[Error Time: 2024-12-18 11:20:24.305 AM], [Error Level: [31merror[39m], [Error Message: 	[31mThere is no value with that 675f27a13bb6f0867af30f39 key...[39m], [Error Location: BasketItemRepository.ts:30:14]
[Error Time: 2024-12-18 11:20:24.310 AM], [Error Level: [31merror[39m], [Error Message: 	[31mError validating product with Product Service[39m], [Error Location: Unknown location]
[Error Time: 2024-12-18 11:24:10.819 AM], [Error Level: [31merror[39m], [Error Message: 	[31mThere is no value with that 675f27a13bb6f0867af30f39 key...[39m], [Error Location: BasketItemRepository.ts:30:14]
[Error Time: 2024-12-18 11:24:10.837 AM], [Error Level: [31merror[39m], [Error Message: 	[31mError validating product with Product Service[39m], [Error Location: Unknown location]
[Error Time: 2024-12-18 11:25:56.457 AM], [Error Level: [31merror[39m], [Error Message: 	[31mThere is no value with that 675f27a13bb6f0867af30f39 key...[39m], [Error Location: BasketItemRepository.ts:30:14]
[Error Time: 2024-12-18 11:25:56.474 AM], [Error Level: [31merror[39m], [Error Message: 	[31mError validating product with Product Service[39m], [Error Location: Unknown location]
[Error Time: 2024-12-18 11:26:49.952 AM], [Error Level: [31merror[39m], [Error Message: 	[31mThere is no value with that 675f27a13bb6f0867af30f39 key...[39m], [Error Location: BasketItemRepository.ts:30:14]
[Error Time: 2024-12-18 11:26:49.976 AM], [Error Level: [31merror[39m], [Error Message: 	[31mError validating product with Product Service Request failed with status code 404[39m], [Error Location: Unknown location]
[Error Time: 2024-12-18 11:27:00.190 AM], [Error Level: [31merror[39m], [Error Message: 	[31mThere is no value with that 675f27a13bb6f0867af30f39 key...[39m], [Error Location: BasketItemRepository.ts:30:14]
[Error Time: 2024-12-18 11:27:00.194 AM], [Error Level: [31merror[39m], [Error Message: 	[31mError validating product with Product Service Request failed with status code 404[39m], [Error Location: Unknown location]
[Error Time: 2024-12-18 11:28:24.939 AM], [Error Level: [31merror[39m], [Error Message: 	[31mThere is no value with that 675f27a13bb6f0867af30f39 key...[39m], [Error Location: BasketItemRepository.ts:30:14]
[Error Time: 2024-12-18 11:28:24.974 AM], [Error Level: [31merror[39m], [Error Message: 	[31mError validating product with Product Service Request failed with status code 404[39m], [Error Location: Unknown location]
[Error Time: 2024-12-18 11:32:18.623 AM], [Error Level: [31merror[39m], [Error Message: 	[31mThere is no value with that 675f27a13bb6f0867af30f39 key...[39m], [Error Location: BasketItemRepository.ts:30:14]
[Error Time: 2024-12-18 12:20:37.355 PM], [Error Level: [31merror[39m], [Error Message: 	[31mThere is no value with that 6761eb6518757d9c169845d6 key...[39m], [Error Location: BasketItemRepository.ts:30:14]
[Error Time: 2024-12-18 12:20:40.960 PM], [Error Level: [31merror[39m], [Error Message: 	[31mThere is no value with that 6761e6dda418031f457284ce key...[39m], [Error Location: BasketItemRepository.ts:30:14]
[Error Time: 2024-12-18 12:21:26.442 PM], [Error Level: [31merror[39m], [Error Message: 	[31mThere is no value with that 6761787be854396d9b60fde2 key...[39m], [Error Location: BasketItemRepository.ts:30:14]
[Error Time: 2024-12-18 12:21:28.197 PM], [Error Level: [31merror[39m], [Error Message: 	[31mThere is no value with that 676178a5e854396d9b60fde6 key...[39m], [Error Location: BasketItemRepository.ts:30:14]
[Error Time: 2024-12-18 12:31:53.142 PM], [Error Level: [31merror[39m], [Error Message: 	[31mThere is no value with that 6761783fe854396d9b60fdd2 key...[39m], [Error Location: BasketItemRepository.ts:30:14]
[Error Time: 2024-12-18 01:16:35.874 PM], [Error Level: [31merror[39m], [Error Message: 	[31mThere is no value with that 676178bee854396d9b60fdea key...[39m], [Error Location: BasketItemRepository.ts:30:14]
[Error Time: 2024-12-19 10:04:33.564 PM], [Error Level: [31merror[39m], [Error Message: 	[31mThere is no value with that 675f1117184624c50435e28c key...[39m], [Error Location: UserValidRepository.ts:30:14]
[Error Time: 2024-12-19 10:04:33.740 PM], [Error Level: [32minfo[39m], [Error Message: 	[32mThere is no value with that basket:675f1117184624c50435e28c key...[39m], [Error Location: BasketRepository.ts:29:14]
[Error Time: 2024-12-19 10:15:23.022 PM], [Error Level: [31merror[39m], [Error Message: 	[31mThere is no value with that 6761785de854396d9b60fdda key...[39m], [Error Location: BasketItemRepository.ts:30:14]
[Error Time: 2024-12-20 05:46:55.359 PM], [Error Level: [32minfo[39m], [Error Message: 	[32mBasket event consumer connected to Kafka[39m], [Error Location: main.ts:64:14]
[Error Time: 2024-12-20 06:00:13.622 PM], [Error Level: [32minfo[39m], [Error Message: 	[32mBasket event consumer connected to Kafka[39m], [Error Location: main.ts:64:14]
[Error Time: 2024-12-20 06:26:14.260 PM], [Error Level: [32minfo[39m], [Error Message: 	[32mBasket event consumer connected to Kafka[39m], [Error Location: main.ts:64:14]
[Error Time: 2024-12-20 06:26:14.282 PM], [Error Level: [31merror[39m], [Error Message: 	[31mFailed to start basket event consumer: KafkaJSProtocolError: This server does not host this topic-partition[39m], [Error Location: main.ts:82:14]
[Error Time: 2024-12-20 06:44:46.051 PM], [Error Level: [32minfo[39m], [Error Message: 	[32mBasket event consumer connected to Kafka[39m], [Error Location: main.ts:64:14]
[Error Time: 2024-12-20 06:47:08.753 PM], [Error Level: [32minfo[39m], [Error Message: 	[32mBasket event consumer connected to Kafka[39m], [Error Location: main.ts:69:14]
[Error Time: 2024-12-20 06:47:27.864 PM], [Error Level: [32minfo[39m], [Error Message: 	[32mBasket event consumer connected to Kafka[39m], [Error Location: main.ts:69:14]
[Error Time: 2024-12-20 07:19:08.325 PM], [Error Level: [32minfo[39m], [Error Message: 	[32mBasket event consumer connected to Kafka[39m], [Error Location: main.ts:69:14]
[Error Time: 2024-12-20 07:19:08.337 PM], [Error Level: [32minfo[39m], [Error Message: 	[32mConsumer subscribed to topics[39m], [Error Location: Unknown location]
[Error Time: 2024-12-20 07:24:42.312 PM], [Error Level: [32minfo[39m], [Error Message: 	[32mBasket event consumer connected to Kafka[39m], [Error Location: main.ts:69:14]
[Error Time: 2024-12-20 07:24:42.585 PM], [Error Level: [32minfo[39m], [Error Message: 	[32mConsumer subscribed to topics[39m], [Error Location: Unknown location]
[Error Time: 2024-12-20 07:25:00.539 PM], [Error Level: [32minfo[39m], [Error Message: 	[32mBasket event consumer connected to Kafka[39m], [Error Location: main.ts:69:14]
[Error Time: 2024-12-20 07:25:00.547 PM], [Error Level: [32minfo[39m], [Error Message: 	[32mConsumer subscribed to topics[39m], [Error Location: Unknown location]
[Error Time: 2024-12-20 07:26:02.051 PM], [Error Level: [32minfo[39m], [Error Message: 	[32mBasket event consumer connected to Kafka[39m], [Error Location: main.ts:69:14]
[Error Time: 2024-12-20 07:26:18.978 PM], [Error Level: [32minfo[39m], [Error Message: 	[32mBasket event consumer connected to Kafka[39m], [Error Location: main.ts:69:14]
[Error Time: 2024-12-20 07:26:18.993 PM], [Error Level: [32minfo[39m], [Error Message: 	[32mConsumer subscribed to topics[39m], [Error Location: Unknown location]
[Error Time: 2024-12-20 07:30:45.144 PM], [Error Level: [32minfo[39m], [Error Message: 	[32mBasket event consumer connected to Kafka[39m], [Error Location: main.ts:69:14]
[Error Time: 2024-12-20 07:30:45.157 PM], [Error Level: [32minfo[39m], [Error Message: 	[32mConsumer subscribed to topics[39m], [Error Location: Unknown location]
[Error Time: 2024-12-20 07:31:10.075 PM], [Error Level: [32minfo[39m], [Error Message: 	[32mBasket event consumer connected to Kafka[39m], [Error Location: main.ts:69:14]
[Error Time: 2024-12-20 07:31:10.087 PM], [Error Level: [32minfo[39m], [Error Message: 	[32mConsumer subscribed to topics[39m], [Error Location: Unknown location]
[Error Time: 2024-12-20 07:31:26.847 PM], [Error Level: [32minfo[39m], [Error Message: 	[32mReceived message[39m], [Error Location: Unknown location]
[Error Time: 2024-12-20 07:31:26.851 PM], [Error Level: [32minfo[39m], [Error Message: 	[32mNo affected basket contains these products ...[39m], [Error Location: BasketRepository.ts:94:16]
[Error Time: 2024-12-20 07:31:26.853 PM], [Error Level: [32minfo[39m], [Error Message: 	[32mNo baskets found containing product: 67659bde34dd9215b56527ca[39m], [Error Location: main.ts:162:18]
[Error Time: 2024-12-20 07:31:46.877 PM], [Error Level: [32minfo[39m], [Error Message: 	[32mReceived message[39m], [Error Location: Unknown location]
[Error Time: 2024-12-20 07:31:46.878 PM], [Error Level: [32minfo[39m], [Error Message: 	[32mNo affected basket contains these products ...[39m], [Error Location: BasketRepository.ts:94:16]
[Error Time: 2024-12-20 07:31:46.879 PM], [Error Level: [32minfo[39m], [Error Message: 	[32mNo baskets found containing product: 67659bde34dd9215b56527ca[39m], [Error Location: main.ts:162:18]
[Error Time: 2024-12-20 07:59:38.220 PM], [Error Level: [32minfo[39m], [Error Message: 	[32mBasket event consumer connected to Kafka[39m], [Error Location: main.ts:69:14]
[Error Time: 2024-12-20 07:59:38.230 PM], [Error Level: [32minfo[39m], [Error Message: 	[32mConsumer subscribed to topics[39m], [Error Location: Unknown location]
[Error Time: 2024-12-20 07:59:41.289 PM], [Error Level: [32minfo[39m], [Error Message: 	[32mReceived message[39m], [Error Location: Unknown location]
[Error Time: 2024-12-20 07:59:41.293 PM], [Error Level: [32minfo[39m], [Error Message: 	[32mNo affected basket contains these products ...[39m], [Error Location: BasketRepository.ts:94:16]
[Error Time: 2024-12-20 07:59:41.293 PM], [Error Level: [32minfo[39m], [Error Message: 	[32mNo baskets found containing product: 67659bde34dd9215b56527ca[39m], [Error Location: main.ts:162:18]
[Error Time: 2024-12-20 08:00:38.730 PM], [Error Level: [32minfo[39m], [Error Message: 	[32mBasket event consumer connected to Kafka[39m], [Error Location: main.ts:69:14]
[Error Time: 2024-12-20 08:00:38.745 PM], [Error Level: [32minfo[39m], [Error Message: 	[32mConsumer subscribed to topics[39m], [Error Location: Unknown location]
[Error Time: 2024-12-20 08:01:06.361 PM], [Error Level: [32minfo[39m], [Error Message: 	[32mReceived message[39m], [Error Location: Unknown location]
[Error Time: 2024-12-20 08:01:06.364 PM], [Error Level: [32minfo[39m], [Error Message: 	[32mNo affected basket contains these products ...[39m], [Error Location: BasketRepository.ts:94:16]
[Error Time: 2024-12-20 08:01:06.364 PM], [Error Level: [32minfo[39m], [Error Message: 	[32mNo baskets found containing product: 67659bde34dd9215b56527ca[39m], [Error Location: main.ts:160:18]
[Error Time: 2024-12-20 08:01:28.774 PM], [Error Level: [32minfo[39m], [Error Message: 	[32mBasket event consumer connected to Kafka[39m], [Error Location: main.ts:69:14]
[Error Time: 2024-12-20 08:01:28.785 PM], [Error Level: [32minfo[39m], [Error Message: 	[32mConsumer subscribed to topics[39m], [Error Location: Unknown location]
[Error Time: 2024-12-20 08:01:51.413 PM], [Error Level: [32minfo[39m], [Error Message: 	[32mReceived message[39m], [Error Location: Unknown location]
[Error Time: 2024-12-20 08:01:51.415 PM], [Error Level: [32minfo[39m], [Error Message: 	[32mNo affected basket contains these products ...[39m], [Error Location: BasketRepository.ts:94:16]
[Error Time: 2024-12-20 08:01:51.416 PM], [Error Level: [32minfo[39m], [Error Message: 	[32mNo baskets found containing product: 67659bde34dd9215b56527ca[39m], [Error Location: main.ts:160:18]
[Error Time: 2024-12-20 08:03:30.849 PM], [Error Level: [32minfo[39m], [Error Message: 	[32mBasket event consumer connected to Kafka[39m], [Error Location: main.ts:69:14]
[Error Time: 2024-12-20 08:03:30.857 PM], [Error Level: [32minfo[39m], [Error Message: 	[32mConsumer subscribed to topics[39m], [Error Location: Unknown location]
[Error Time: 2024-12-20 08:04:49.337 PM], [Error Level: [32minfo[39m], [Error Message: 	[32mBasket event consumer connected to Kafka[39m], [Error Location: main.ts:68:14]
[Error Time: 2024-12-20 08:04:49.348 PM], [Error Level: [32minfo[39m], [Error Message: 	[32mConsumer subscribed to topics[39m], [Error Location: Unknown location]
[Error Time: 2024-12-20 08:05:34.066 PM], [Error Level: [32minfo[39m], [Error Message: 	[32mThere is no value with that basket:675f1117184624c50435e28c key...[39m], [Error Location: BasketRepository.ts:29:14]
[Error Time: 2024-12-20 08:05:34.067 PM], [Error Level: [31merror[39m], [Error Message: 	[31mThere is no value with that 675f1117184624c50435e28c key...[39m], [Error Location: UserValidRepository.ts:30:14]
[Error Time: 2024-12-20 08:05:50.363 PM], [Error Level: [31merror[39m], [Error Message: 	[31mThere is no value with that 67658d2460d8ebab2b529234 key...[39m], [Error Location: BasketItemRepository.ts:30:14]
[Error Time: 2024-12-20 08:24:42.226 PM], [Error Level: [31merror[39m], [Error Message: 	[31mThere is no value with that 6761784ee854396d9b60fdd6 key...[39m], [Error Location: BasketItemRepository.ts:30:14]
[Error Time: 2024-12-20 08:24:42.684 PM], [Error Level: [31merror[39m], [Error Message: 	[31mThere is no value with that 6761785de854396d9b60fdda key...[39m], [Error Location: BasketItemRepository.ts:30:14]
[Error Time: 2024-12-20 08:24:43.149 PM], [Error Level: [31merror[39m], [Error Message: 	[31mThere is no value with that 6761786de854396d9b60fdde key...[39m], [Error Location: BasketItemRepository.ts:30:14]
[Error Time: 2024-12-20 08:32:42.581 PM], [Error Level: [31merror[39m], [Error Message: 	[31mThere is no value with that 6765870d5be1dec5b44c998a key...[39m], [Error Location: BasketItemRepository.ts:30:14]
[Error Time: 2024-12-20 08:32:43.856 PM], [Error Level: [31merror[39m], [Error Message: 	[31mThere is no value with that 676595e45f29de095f7de98b key...[39m], [Error Location: BasketItemRepository.ts:30:14]
[Error Time: 2024-12-20 09:41:32.008 PM], [Error Level: [32minfo[39m], [Error Message: 	[32mBasket event consumer connected to Kafka[39m], [Error Location: main.ts:68:14]
[Error Time: 2024-12-20 09:41:32.396 PM], [Error Level: [32minfo[39m], [Error Message: 	[32mConsumer subscribed to topics[39m], [Error Location: Unknown location]
[Error Time: 2024-12-20 10:30:56.792 PM], [Error Level: [31merror[39m], [Error Message: 	[31mThere is no value with that 67646de2d2d2a8a38647257c key...[39m], [Error Location: UserValidRepository.ts:30:14]
[Error Time: 2024-12-20 10:30:56.972 PM], [Error Level: [32minfo[39m], [Error Message: 	[32mThere is no value with that basket:67646de2d2d2a8a38647257c key...[39m], [Error Location: BasketRepository.ts:29:14]
[Error Time: 2024-12-21 12:34:02.155 AM], [Error Level: [32minfo[39m], [Error Message: 	[32mBasket event consumer connected to Kafka[39m], [Error Location: main.ts:68:14]
[Error Time: 2024-12-21 12:34:02.163 AM], [Error Level: [32minfo[39m], [Error Message: 	[32mConsumer subscribed to topics[39m], [Error Location: Unknown location]
[Error Time: 2024-12-21 01:06:06.036 AM], [Error Level: [32minfo[39m], [Error Message: 	[32mBasket event consumer connected to Kafka[39m], [Error Location: main.ts:68:14]
[Error Time: 2024-12-21 01:06:06.045 AM], [Error Level: [32minfo[39m], [Error Message: 	[32mConsumer subscribed to topics[39m], [Error Location: Unknown location]
[Error Time: 2024-12-21 01:10:15.059 AM], [Error Level: [32minfo[39m], [Error Message: 	[32mBasket event consumer connected to Kafka[39m], [Error Location: main.ts:68:14]
[Error Time: 2024-12-21 01:10:15.072 AM], [Error Level: [32minfo[39m], [Error Message: 	[32mConsumer subscribed to topics[39m], [Error Location: Unknown location]
[Error Time: 2024-12-21 01:12:02.763 AM], [Error Level: [32minfo[39m], [Error Message: 	[32mReceived message[39m], [Error Location: Unknown location]
[Error Time: 2024-12-21 01:12:26.412 AM], [Error Level: [32minfo[39m], [Error Message: 	[32mReceived message[39m], [Error Location: Unknown location]
[Error Time: 2024-12-21 01:12:41.711 AM], [Error Level: [31merror[39m], [Error Message: 	[31mThere is no value with that 6765ebb22c334fea445907e8 key...[39m], [Error Location: UserValidRepository.ts:30:14]
[Error Time: 2024-12-21 01:12:41.882 AM], [Error Level: [32minfo[39m], [Error Message: 	[32mThere is no value with that basket:6765ebb22c334fea445907e8 key...[39m], [Error Location: BasketRepository.ts:29:14]
[Error Time: 2024-12-21 01:12:57.341 AM], [Error Level: [31merror[39m], [Error Message: 	[31mThere is no value with that 6765ebca2c334fea445907ed key...[39m], [Error Location: UserValidRepository.ts:30:14]
[Error Time: 2024-12-21 01:12:57.505 AM], [Error Level: [32minfo[39m], [Error Message: 	[32mThere is no value with that basket:6765ebca2c334fea445907ed key...[39m], [Error Location: BasketRepository.ts:29:14]
[Error Time: 2024-12-21 01:13:23.298 AM], [Error Level: [31merror[39m], [Error Message: 	[31mThere is no value with that 6761eb6518757d9c169845d6 key...[39m], [Error Location: BasketItemRepository.ts:30:14]
[Error Time: 2024-12-21 01:13:27.610 AM], [Error Level: [31merror[39m], [Error Message: 	[31mThere is no value with that 6761e6dda418031f457284ce key...[39m], [Error Location: BasketItemRepository.ts:30:14]
[Error Time: 2024-12-21 01:13:50.394 AM], [Error Level: [31merror[39m], [Error Message: 	[31mThere is no value with that 676178a5e854396d9b60fde6 key...[39m], [Error Location: BasketItemRepository.ts:30:14]
[Error Time: 2024-12-21 01:13:52.345 AM], [Error Level: [31merror[39m], [Error Message: 	[31mThere is no value with that 6761780ce854396d9b60fdcc key...[39m], [Error Location: BasketItemRepository.ts:30:14]
[Error Time: 2024-12-21 01:13:54.369 AM], [Error Level: [31merror[39m], [Error Message: 	[31mThere is no value with that 6761783fe854396d9b60fdd2 key...[39m], [Error Location: BasketItemRepository.ts:30:14]
[Error Time: 2024-12-21 01:13:56.867 AM], [Error Level: [31merror[39m], [Error Message: 	[31mThere is no value with that 67615bcd7ea7b5cbbdf59a79 key...[39m], [Error Location: BasketItemRepository.ts:30:14]
[Error Time: 2024-12-21 01:16:25.836 AM], [Error Level: [32minfo[39m], [Error Message: 	[32mThere is no value with that basket:null key...[39m], [Error Location: BasketRepository.ts:29:14]
[Error Time: 2024-12-21 01:16:25.837 AM], [Error Level: [31merror[39m], [Error Message: 	[31mThere is no value with that null key...[39m], [Error Location: UserValidRepository.ts:30:14]
[Error Time: 2024-12-21 01:16:25.872 AM], [Error Level: [31merror[39m], [Error Message: 	[31mError validating user with Identity Service Request failed with status code 404[39m], [Error Location: Unknown location]
[Error Time: 2024-12-21 01:16:29.736 AM], [Error Level: [32minfo[39m], [Error Message: 	[32mThere is no value with that basket:null key...[39m], [Error Location: BasketRepository.ts:29:14]
[Error Time: 2024-12-21 01:16:29.737 AM], [Error Level: [31merror[39m], [Error Message: 	[31mThere is no value with that null key...[39m], [Error Location: UserValidRepository.ts:30:14]
[Error Time: 2024-12-21 01:16:29.746 AM], [Error Level: [31merror[39m], [Error Message: 	[31mError validating user with Identity Service Request failed with status code 404[39m], [Error Location: Unknown location]
[Error Time: 2024-12-21 01:16:54.096 AM], [Error Level: [32minfo[39m], [Error Message: 	[32mThere is no value with that basket:null key...[39m], [Error Location: BasketRepository.ts:29:14]
[Error Time: 2024-12-21 01:16:54.097 AM], [Error Level: [31merror[39m], [Error Message: 	[31mThere is no value with that null key...[39m], [Error Location: UserValidRepository.ts:30:14]
[Error Time: 2024-12-21 01:16:54.112 AM], [Error Level: [31merror[39m], [Error Message: 	[31mError validating user with Identity Service Request failed with status code 404[39m], [Error Location: Unknown location]
[Error Time: 2024-12-21 11:51:46.202 AM], [Error Level: [32minfo[39m], [Error Message: 	[32mBasket event consumer connected to Kafka[39m], [Error Location: main.ts:68:14]
[Error Time: 2024-12-21 11:51:46.221 AM], [Error Level: [32minfo[39m], [Error Message: 	[32mConsumer subscribed to topics[39m], [Error Location: Unknown location]
[Error Time: 2024-12-21 11:52:47.121 AM], [Error Level: [32minfo[39m], [Error Message: 	[32mThere is no value with that basket:null key...[39m], [Error Location: BasketRepository.ts:29:14]
[Error Time: 2024-12-21 11:52:47.122 AM], [Error Level: [31merror[39m], [Error Message: 	[31mThere is no value with that null key...[39m], [Error Location: UserValidRepository.ts:30:14]
[Error Time: 2024-12-21 11:52:47.166 AM], [Error Level: [31merror[39m], [Error Message: 	[31mError validating user with Identity Service Request failed with status code 404[39m], [Error Location: Unknown location]
[Error Time: 2024-12-21 11:54:56.100 AM], [Error Level: [32minfo[39m], [Error Message: 	[32mReceived message[39m], [Error Location: Unknown location]
[Error Time: 2024-12-21 11:56:00.973 AM], [Error Level: [32minfo[39m], [Error Message: 	[32mReceived message[39m], [Error Location: Unknown location]
[Error Time: 2024-12-21 11:56:15.878 AM], [Error Level: [31merror[39m], [Error Message: 	[31mThere is no value with that 676682a0ffd72d2472298b7b key...[39m], [Error Location: UserValidRepository.ts:30:14]
[Error Time: 2024-12-21 11:56:16.040 AM], [Error Level: [32minfo[39m], [Error Message: 	[32mThere is no value with that basket:676682a0ffd72d2472298b7b key...[39m], [Error Location: BasketRepository.ts:29:14]
[Error Time: 2024-12-21 11:57:15.445 AM], [Error Level: [31merror[39m], [Error Message: 	[31mThere is no value with that 6766825fffd72d2472298b76 key...[39m], [Error Location: UserValidRepository.ts:30:14]
[Error Time: 2024-12-21 11:57:15.608 AM], [Error Level: [32minfo[39m], [Error Message: 	[32mThere is no value with that basket:6766825fffd72d2472298b76 key...[39m], [Error Location: BasketRepository.ts:29:14]
[Error Time: 2024-12-21 12:02:24.732 PM], [Error Level: [32minfo[39m], [Error Message: 	[32mBasket event consumer connected to Kafka[39m], [Error Location: main.ts:68:14]
[Error Time: 2024-12-21 12:02:24.740 PM], [Error Level: [32minfo[39m], [Error Message: 	[32mConsumer subscribed to topics[39m], [Error Location: Unknown location]
[Error Time: 2024-12-21 12:02:47.039 PM], [Error Level: [32minfo[39m], [Error Message: 	[32mBasket event consumer connected to Kafka[39m], [Error Location: main.ts:68:14]
[Error Time: 2024-12-21 12:02:47.047 PM], [Error Level: [32minfo[39m], [Error Message: 	[32mConsumer subscribed to topics[39m], [Error Location: Unknown location]
[Error Time: 2024-12-21 12:08:56.395 PM], [Error Level: [32minfo[39m], [Error Message: 	[32mBasket event consumer connected to Kafka[39m], [Error Location: main.ts:68:14]
[Error Time: 2024-12-21 12:08:56.404 PM], [Error Level: [32minfo[39m], [Error Message: 	[32mConsumer subscribed to topics[39m], [Error Location: Unknown location]
[Error Time: 2024-12-21 12:13:14.110 PM], [Error Level: [32minfo[39m], [Error Message: 	[32mBasket event consumer connected to Kafka[39m], [Error Location: main.ts:68:14]
[Error Time: 2024-12-21 12:13:14.118 PM], [Error Level: [32minfo[39m], [Error Message: 	[32mConsumer subscribed to topics[39m], [Error Location: Unknown location]
[Error Time: 2024-12-21 12:43:39.490 PM], [Error Level: [32minfo[39m], [Error Message: 	[32mBasket event consumer connected to Kafka[39m], [Error Location: main.ts:68:14]
[Error Time: 2024-12-21 12:43:39.497 PM], [Error Level: [32minfo[39m], [Error Message: 	[32mConsumer subscribed to topics[39m], [Error Location: Unknown location]
[Error Time: 2024-12-21 12:46:37.900 PM], [Error Level: [31merror[39m], [Error Message: 	[31mThere is no value with that 676178bee854396d9b60fdea key...[39m], [Error Location: BasketItemRepository.ts:30:14]
[Error Time: 2024-12-21 12:54:11.155 PM], [Error Level: [32minfo[39m], [Error Message: 	[32mBasket event consumer connected to Kafka[39m], [Error Location: main.ts:68:14]
[Error Time: 2024-12-21 12:54:11.163 PM], [Error Level: [32minfo[39m], [Error Message: 	[32mConsumer subscribed to topics[39m], [Error Location: Unknown location]
[Error Time: 2024-12-21 01:04:06.604 PM], [Error Level: [31merror[39m], [Error Message: 	[31mThere is no value with that 675f161feaeead5e9bd7ed20 key...[39m], [Error Location: BasketItemRepository.ts:30:14]
[Error Time: 2024-12-21 01:41:14.893 PM], [Error Level: [32minfo[39m], [Error Message: 	[32mBasket event consumer connected to Kafka[39m], [Error Location: main.ts:68:14]
[Error Time: 2024-12-21 01:41:14.901 PM], [Error Level: [32minfo[39m], [Error Message: 	[32mConsumer subscribed to topics[39m], [Error Location: Unknown location]
[Error Time: 2024-12-21 01:41:42.287 PM], [Error Level: [32minfo[39m], [Error Message: 	[32mNew WebSocket client connected[39m], [Error Location: Unknown location]
[Error Time: 2024-12-21 01:41:44.573 PM], [Error Level: [32minfo[39m], [Error Message: 	[32mNew WebSocket client connected[39m], [Error Location: Unknown location]
[Error Time: 2024-12-21 01:41:46.328 PM], [Error Level: [32minfo[39m], [Error Message: 	[32mNew WebSocket client connected[39m], [Error Location: Unknown location]
[Error Time: 2024-12-21 01:41:49.896 PM], [Error Level: [32minfo[39m], [Error Message: 	[32mNew WebSocket client connected[39m], [Error Location: Unknown location]
[Error Time: 2024-12-21 01:44:27.216 PM], [Error Level: [32minfo[39m], [Error Message: 	[32mNew WebSocket client connected[39m], [Error Location: Unknown location]
[Error Time: 2024-12-21 01:44:53.273 PM], [Error Level: [32minfo[39m], [Error Message: 	[32mThere is no value with that basket:null key...[39m], [Error Location: BasketRepository.ts:29:14]
[Error Time: 2024-12-21 01:44:53.274 PM], [Error Level: [31merror[39m], [Error Message: 	[31mThere is no value with that null key...[39m], [Error Location: UserValidRepository.ts:30:14]
[Error Time: 2024-12-21 01:44:53.331 PM], [Error Level: [31merror[39m], [Error Message: 	[31mError validating user with Identity Service Request failed with status code 404[39m], [Error Location: Unknown location]
[Error Time: 2024-12-21 01:45:26.222 PM], [Error Level: [32minfo[39m], [Error Message: 	[32mNew WebSocket client connected[39m], [Error Location: Unknown location]
[Error Time: 2024-12-21 01:45:35.780 PM], [Error Level: [32minfo[39m], [Error Message: 	[32mNew WebSocket client connected[39m], [Error Location: Unknown location]
[Error Time: 2024-12-21 01:45:38.729 PM], [Error Level: [32minfo[39m], [Error Message: 	[32mThere is no value with that basket:null key...[39m], [Error Location: BasketRepository.ts:29:14]
[Error Time: 2024-12-21 01:45:38.730 PM], [Error Level: [31merror[39m], [Error Message: 	[31mThere is no value with that null key...[39m], [Error Location: UserValidRepository.ts:30:14]
[Error Time: 2024-12-21 01:45:38.741 PM], [Error Level: [31merror[39m], [Error Message: 	[31mError validating user with Identity Service Request failed with status code 404[39m], [Error Location: Unknown location]
[Error Time: 2024-12-21 01:46:17.149 PM], [Error Level: [32minfo[39m], [Error Message: 	[32mNew WebSocket client connected[39m], [Error Location: Unknown location]
[Error Time: 2024-12-21 01:46:42.291 PM], [Error Level: [32minfo[39m], [Error Message: 	[32mNew WebSocket client connected[39m], [Error Location: Unknown location]
[Error Time: 2024-12-21 01:50:56.605 PM], [Error Level: [32minfo[39m], [Error Message: 	[32mReceived message[39m], [Error Location: Unknown location]
[Error Time: 2024-12-21 01:51:00.225 PM], [Error Level: [32minfo[39m], [Error Message: 	[32mNew WebSocket client connected[39m], [Error Location: Unknown location]
[Error Time: 2024-12-21 01:51:00.971 PM], [Error Level: [32minfo[39m], [Error Message: 	[32mThere is no value with that basket:67669d90203f6f95a83701db key...[39m], [Error Location: BasketRepository.ts:29:14]
[Error Time: 2024-12-21 01:51:00.972 PM], [Error Level: [31merror[39m], [Error Message: 	[31mThere is no value with that 67669d90203f6f95a83701db key...[39m], [Error Location: UserValidRepository.ts:30:14]
[Error Time: 2024-12-21 02:24:11.715 PM], [Error Level: [32minfo[39m], [Error Message: 	[32mNew WebSocket client connected[39m], [Error Location: Unknown location]
[Error Time: 2024-12-21 02:24:11.788 PM], [Error Level: [32minfo[39m], [Error Message: 	[32mNew WebSocket client connected[39m], [Error Location: Unknown location]
[Error Time: 2024-12-21 02:24:52.657 PM], [Error Level: [32minfo[39m], [Error Message: 	[32mBasket event consumer connected to Kafka[39m], [Error Location: main.ts:68:14]
[Error Time: 2024-12-21 02:24:52.665 PM], [Error Level: [32minfo[39m], [Error Message: 	[32mConsumer subscribed to topics[39m], [Error Location: Unknown location]
[Error Time: 2024-12-21 02:25:03.576 PM], [Error Level: [32minfo[39m], [Error Message: 	[32mNew WebSocket client connected[39m], [Error Location: Unknown location]
[Error Time: 2024-12-21 02:25:04.568 PM], [Error Level: [32minfo[39m], [Error Message: 	[32mNew WebSocket client connected[39m], [Error Location: Unknown location]
[Error Time: 2024-12-21 02:25:27.615 PM], [Error Level: [32minfo[39m], [Error Message: 	[32mNew WebSocket client connected[39m], [Error Location: Unknown location]
[Error Time: 2024-12-21 02:25:29.711 PM], [Error Level: [32minfo[39m], [Error Message: 	[32mNew WebSocket client connected[39m], [Error Location: Unknown location]
[Error Time: 2024-12-21 02:25:35.544 PM], [Error Level: [32minfo[39m], [Error Message: 	[32mNew WebSocket client connected[39m], [Error Location: Unknown location]
[Error Time: 2024-12-21 02:29:33.585 PM], [Error Level: [32minfo[39m], [Error Message: 	[32mNew WebSocket client connected[39m], [Error Location: Unknown location]
[Error Time: 2024-12-21 02:29:41.136 PM], [Error Level: [32minfo[39m], [Error Message: 	[32mNew WebSocket client connected[39m], [Error Location: Unknown location]
[Error Time: 2024-12-21 02:29:53.306 PM], [Error Level: [31merror[39m], [Error Message: 	[31mThere is no value with that 6761744c9b92f8106a97c556 key...[39m], [Error Location: BasketItemRepository.ts:30:14]
[Error Time: 2024-12-21 02:30:18.910 PM], [Error Level: [32minfo[39m], [Error Message: 	[32mNew WebSocket client connected[39m], [Error Location: Unknown location]
[Error Time: 2024-12-21 02:30:44.423 PM], [Error Level: [32minfo[39m], [Error Message: 	[32mNew WebSocket client connected[39m], [Error Location: Unknown location]
[Error Time: 2024-12-21 02:30:57.596 PM], [Error Level: [32minfo[39m], [Error Message: 	[32mNew WebSocket client connected[39m], [Error Location: Unknown location]
[Error Time: 2024-12-21 02:31:09.419 PM], [Error Level: [32minfo[39m], [Error Message: 	[32mNew WebSocket client connected[39m], [Error Location: Unknown location]
[Error Time: 2024-12-21 02:31:11.979 PM], [Error Level: [32minfo[39m], [Error Message: 	[32mNew WebSocket client connected[39m], [Error Location: Unknown location]
[Error Time: 2024-12-21 02:31:42.601 PM], [Error Level: [32minfo[39m], [Error Message: 	[32mNew WebSocket client connected[39m], [Error Location: Unknown location]
[Error Time: 2024-12-21 06:05:12.759 PM], [Error Level: [32minfo[39m], [Error Message: 	[32mNew WebSocket client connected[39m], [Error Location: Unknown location]
[Error Time: 2024-12-21 07:10:28.902 PM], [Error Level: [32minfo[39m], [Error Message: 	[32mNew WebSocket client connected[39m], [Error Location: Unknown location]
[Error Time: 2024-12-21 07:10:36.339 PM], [Error Level: [32minfo[39m], [Error Message: 	[32mNew WebSocket client connected[39m], [Error Location: Unknown location]
[Error Time: 2024-12-21 07:11:54.195 PM], [Error Level: [32minfo[39m], [Error Message: 	[32mNew WebSocket client connected[39m], [Error Location: Unknown location]
[Error Time: 2024-12-21 07:12:12.219 PM], [Error Level: [32minfo[39m], [Error Message: 	[32mNew WebSocket client connected[39m], [Error Location: Unknown location]
[Error Time: 2024-12-21 07:14:36.504 PM], [Error Level: [32minfo[39m], [Error Message: 	[32mNew WebSocket client connected[39m], [Error Location: Unknown location]
[Error Time: 2024-12-21 07:16:46.690 PM], [Error Level: [32minfo[39m], [Error Message: 	[32mNew WebSocket client connected[39m], [Error Location: Unknown location]
[Error Time: 2024-12-21 07:16:52.625 PM], [Error Level: [32minfo[39m], [Error Message: 	[32mNew WebSocket client connected[39m], [Error Location: Unknown location]
[Error Time: 2024-12-21 07:16:58.971 PM], [Error Level: [32minfo[39m], [Error Message: 	[32mNew WebSocket client connected[39m], [Error Location: Unknown location]
[Error Time: 2024-12-21 07:17:01.220 PM], [Error Level: [32minfo[39m], [Error Message: 	[32mNew WebSocket client connected[39m], [Error Location: Unknown location]
[Error Time: 2024-12-21 07:33:43.786 PM], [Error Level: [32minfo[39m], [Error Message: 	[32mNew WebSocket client connected[39m], [Error Location: Unknown location]
[Error Time: 2024-12-21 07:36:14.769 PM], [Error Level: [32minfo[39m], [Error Message: 	[32mNew WebSocket client connected[39m], [Error Location: Unknown location]
[Error Time: 2024-12-21 07:37:09.779 PM], [Error Level: [32minfo[39m], [Error Message: 	[32mNew WebSocket client connected[39m], [Error Location: Unknown location]
[Error Time: 2024-12-21 07:39:58.504 PM], [Error Level: [32minfo[39m], [Error Message: 	[32mNew WebSocket client connected[39m], [Error Location: Unknown location]
[Error Time: 2024-12-21 07:40:06.565 PM], [Error Level: [32minfo[39m], [Error Message: 	[32mNew WebSocket client connected[39m], [Error Location: Unknown location]
[Error Time: 2024-12-21 07:41:38.892 PM], [Error Level: [32minfo[39m], [Error Message: 	[32mNew WebSocket client connected[39m], [Error Location: Unknown location]
[Error Time: 2024-12-21 07:42:11.545 PM], [Error Level: [32minfo[39m], [Error Message: 	[32mNew WebSocket client connected[39m], [Error Location: Unknown location]
[Error Time: 2024-12-21 07:42:47.792 PM], [Error Level: [32minfo[39m], [Error Message: 	[32mNew WebSocket client connected[39m], [Error Location: Unknown location]
[Error Time: 2024-12-21 07:42:59.423 PM], [Error Level: [32minfo[39m], [Error Message: 	[32mNew WebSocket client connected[39m], [Error Location: Unknown location]
[Error Time: 2024-12-21 07:43:04.906 PM], [Error Level: [32minfo[39m], [Error Message: 	[32mNew WebSocket client connected[39m], [Error Location: Unknown location]
[Error Time: 2024-12-21 07:43:30.604 PM], [Error Level: [32minfo[39m], [Error Message: 	[32mNew WebSocket client connected[39m], [Error Location: Unknown location]
[Error Time: 2024-12-21 07:43:34.128 PM], [Error Level: [32minfo[39m], [Error Message: 	[32mNew WebSocket client connected[39m], [Error Location: Unknown location]
[Error Time: 2024-12-21 07:43:46.502 PM], [Error Level: [32minfo[39m], [Error Message: 	[32mNew WebSocket client connected[39m], [Error Location: Unknown location]
[Error Time: 2024-12-21 07:47:51.876 PM], [Error Level: [32minfo[39m], [Error Message: 	[32mNew WebSocket client connected[39m], [Error Location: Unknown location]
[Error Time: 2024-12-21 08:00:24.932 PM], [Error Level: [32minfo[39m], [Error Message: 	[32mNew WebSocket client connected[39m], [Error Location: Unknown location]
[Error Time: 2024-12-21 08:01:35.332 PM], [Error Level: [32minfo[39m], [Error Message: 	[32mNew WebSocket client connected[39m], [Error Location: Unknown location]
[Error Time: 2024-12-21 08:03:46.218 PM], [Error Level: [32minfo[39m], [Error Message: 	[32mNew WebSocket client connected[39m], [Error Location: Unknown location]
[Error Time: 2024-12-21 08:12:23.598 PM], [Error Level: [32minfo[39m], [Error Message: 	[32mNew WebSocket client connected[39m], [Error Location: Unknown location]
[Error Time: 2024-12-21 08:12:30.689 PM], [Error Level: [32minfo[39m], [Error Message: 	[32mNew WebSocket client connected[39m], [Error Location: Unknown location]
[Error Time: 2024-12-21 08:23:36.982 PM], [Error Level: [32minfo[39m], [Error Message: 	[32mBasket event consumer connected to Kafka[39m], [Error Location: main.ts:68:14]
[Error Time: 2024-12-21 08:23:36.990 PM], [Error Level: [32minfo[39m], [Error Message: 	[32mConsumer subscribed to topics[39m], [Error Location: Unknown location]
[Error Time: 2024-12-21 08:23:40.596 PM], [Error Level: [32minfo[39m], [Error Message: 	[32mNew WebSocket client connected[39m], [Error Location: Unknown location]
[Error Time: 2024-12-21 08:25:19.127 PM], [Error Level: [32minfo[39m], [Error Message: 	[32mNew WebSocket client connected[39m], [Error Location: Unknown location]
[Error Time: 2024-12-21 08:25:27.834 PM], [Error Level: [32minfo[39m], [Error Message: 	[32mNew WebSocket client connected[39m], [Error Location: Unknown location]
[Error Time: 2024-12-21 08:26:32.885 PM], [Error Level: [32minfo[39m], [Error Message: 	[32mNew WebSocket client connected[39m], [Error Location: Unknown location]
[Error Time: 2024-12-21 08:28:07.326 PM], [Error Level: [32minfo[39m], [Error Message: 	[32mNew WebSocket client connected[39m], [Error Location: Unknown location]
[Error Time: 2024-12-21 08:39:54.774 PM], [Error Level: [31merror[39m], [Error Message: 	[31mFailed to start basket event consumer: KafkaJSNumberOfRetriesExceeded: Connection error: [39m], [Error Location: main.ts:99:14]
[Error Time: 2024-12-21 08:39:57.621 PM], [Error Level: [32minfo[39m], [Error Message: 	[32mNew WebSocket client connected[39m], [Error Location: Unknown location]
[Error Time: 2024-12-21 08:40:28.358 PM], [Error Level: [31merror[39m], [Error Message: 	[31mThere is no value with that 675f1117184624c50435e28c key...[39m], [Error Location: UserValidRepository.ts:30:14]
[Error Time: 2024-12-21 08:40:28.528 PM], [Error Level: [31merror[39m], [Error Message: 	[31mThere is no value with that 675f27a13bb6f0867af30f39 key...[39m], [Error Location: BasketItemRepository.ts:30:14]
[Error Time: 2024-12-21 08:40:28.689 PM], [Error Level: [32minfo[39m], [Error Message: 	[32mThere is no value with that basket:675f1117184624c50435e28c key...[39m], [Error Location: BasketRepository.ts:29:14]
[Error Time: 2024-12-21 08:40:28.690 PM], [Error Level: [32minfo[39m], [Error Message: 	[32mNo clients in room product-675f27a13bb6f0867af30f39, no broadcast[39m], [Error Location: WebSocketService.ts:106:14]
[Error Time: 2024-12-21 08:41:48.058 PM], [Error Level: [32minfo[39m], [Error Message: 	[32mNo clients in room product-675f27a13bb6f0867af30f39, no broadcast[39m], [Error Location: WebSocketService.ts:106:14]
[Error Time: 2024-12-21 08:43:16.815 PM], [Error Level: [32minfo[39m], [Error Message: 	[32mNew WebSocket client connected[39m], [Error Location: Unknown location]
[Error Time: 2024-12-21 08:43:22.042 PM], [Error Level: [32minfo[39m], [Error Message: 	[32mNew WebSocket client connected[39m], [Error Location: Unknown location]
[Error Time: 2024-12-21 08:55:15.382 PM], [Error Level: [31merror[39m], [Error Message: 	[31mFailed to start basket event consumer: KafkaJSNumberOfRetriesExceeded: Connection error: [39m], [Error Location: main.ts:99:14]
[Error Time: 2024-12-21 08:55:15.562 PM], [Error Level: [32minfo[39m], [Error Message: 	[32mNew WebSocket client connected[39m], [Error Location: Unknown location]
[Error Time: 2024-12-21 08:55:40.361 PM], [Error Level: [32minfo[39m], [Error Message: 	[32mNew WebSocket client connected[39m], [Error Location: Unknown location]
[Error Time: 2024-12-21 09:01:03.730 PM], [Error Level: [32minfo[39m], [Error Message: 	[32mBasket event consumer connected to Kafka[39m], [Error Location: main.ts:68:14]
[Error Time: 2024-12-21 09:01:03.749 PM], [Error Level: [32minfo[39m], [Error Message: 	[32mConsumer subscribed to topics[39m], [Error Location: Unknown location]
[Error Time: 2024-12-21 09:01:07.865 PM], [Error Level: [32minfo[39m], [Error Message: 	[32mNew WebSocket client connected[39m], [Error Location: Unknown location]
[Error Time: 2024-12-21 09:02:09.759 PM], [Error Level: [32minfo[39m], [Error Message: 	[32mBasket event consumer connected to Kafka[39m], [Error Location: main.ts:68:14]
[Error Time: 2024-12-21 09:02:09.767 PM], [Error Level: [32minfo[39m], [Error Message: 	[32mConsumer subscribed to topics[39m], [Error Location: Unknown location]
[Error Time: 2024-12-21 09:02:36.932 PM], [Error Level: [32minfo[39m], [Error Message: 	[32mNew WebSocket client connected[39m], [Error Location: Unknown location]
[Error Time: 2024-12-21 09:03:45.664 PM], [Error Level: [32minfo[39m], [Error Message: 	[32mNew WebSocket client connected[39m], [Error Location: Unknown location]
[Error Time: 2024-12-21 09:04:55.919 PM], [Error Level: [32minfo[39m], [Error Message: 	[32mThere is no value with that basket:undefined key...[39m], [Error Location: BasketRepository.ts:29:14]
[Error Time: 2024-12-21 09:06:45.420 PM], [Error Level: [32minfo[39m], [Error Message: 	[32mThere is no value with that basket:undefined key...[39m], [Error Location: BasketRepository.ts:29:14]
[Error Time: 2024-12-21 09:07:09.973 PM], [Error Level: [32minfo[39m], [Error Message: 	[32mThere is no value with that basket:undefined key...[39m], [Error Location: BasketRepository.ts:29:14]
[Error Time: 2024-12-21 09:07:50.703 PM], [Error Level: [32minfo[39m], [Error Message: 	[32mThere is no value with that basket:undefined key...[39m], [Error Location: BasketRepository.ts:29:14]
[Error Time: 2024-12-21 09:10:01.470 PM], [Error Level: [32minfo[39m], [Error Message: 	[32mBasket event consumer connected to Kafka[39m], [Error Location: main.ts:68:14]
[Error Time: 2024-12-21 09:10:01.478 PM], [Error Level: [32minfo[39m], [Error Message: 	[32mConsumer subscribed to topics[39m], [Error Location: Unknown location]
[Error Time: 2024-12-21 09:10:31.432 PM], [Error Level: [32minfo[39m], [Error Message: 	[32mNew WebSocket client connected[39m], [Error Location: Unknown location]
[Error Time: 2024-12-21 09:11:05.498 PM], [Error Level: [32minfo[39m], [Error Message: 	[32mBasket event consumer connected to Kafka[39m], [Error Location: main.ts:68:14]
[Error Time: 2024-12-21 09:11:05.506 PM], [Error Level: [32minfo[39m], [Error Message: 	[32mConsumer subscribed to topics[39m], [Error Location: Unknown location]
[Error Time: 2024-12-21 09:11:35.164 PM], [Error Level: [32minfo[39m], [Error Message: 	[32mNew WebSocket client connected[39m], [Error Location: Unknown location]
[Error Time: 2024-12-21 09:11:35.192 PM], [Error Level: [31merror[39m], [Error Message: 	[31mNo deleted cache found for key: basket:675f1117184624c50435e28c.[39m], [Error Location: BasketRepository.ts:72:18]
[Error Time: 2024-12-21 09:11:54.217 PM], [Error Level: [31merror[39m], [Error Message: 	[31mNo deleted cache found for key: basket:675f1117184624c50435e28c.[39m], [Error Location: BasketRepository.ts:72:18]
[Error Time: 2024-12-21 09:12:10.261 PM], [Error Level: [31merror[39m], [Error Message: 	[31mNo deleted cache found for key: basket:675f1117184624c50435e28c.[39m], [Error Location: BasketRepository.ts:72:18]
[Error Time: 2024-12-21 09:12:26.781 PM], [Error Level: [32minfo[39m], [Error Message: 	[32mNew WebSocket client connected[39m], [Error Location: Unknown location]
[Error Time: 2024-12-21 09:13:07.312 PM], [Error Level: [32minfo[39m], [Error Message: 	[32mReceived message[39m], [Error Location: Unknown location]
[Error Time: 2024-12-21 09:13:07.488 PM], [Error Level: [32minfo[39m], [Error Message: 	[32mThere is no value with that basket:676705334c111e080c241339 key...[39m], [Error Location: BasketRepository.ts:29:14]
[Error Time: 2024-12-21 09:13:07.489 PM], [Error Level: [31merror[39m], [Error Message: 	[31mThere is no value with that 676705334c111e080c241339 key...[39m], [Error Location: UserValidRepository.ts:30:14]
[Error Time: 2024-12-21 09:13:30.597 PM], [Error Level: [32minfo[39m], [Error Message: 	[32mNew WebSocket client connected[39m], [Error Location: Unknown location]
[Error Time: 2024-12-21 09:13:38.033 PM], [Error Level: [32minfo[39m], [Error Message: 	[32mNew WebSocket client connected[39m], [Error Location: Unknown location]
[Error Time: 2024-12-21 09:13:40.937 PM], [Error Level: [32minfo[39m], [Error Message: 	[32mNew WebSocket client connected[39m], [Error Location: Unknown location]
[Error Time: 2024-12-21 09:14:20.173 PM], [Error Level: [31merror[39m], [Error Message: 	[31mNo deleted cache found for key: basket:676705334c111e080c241339.[39m], [Error Location: BasketRepository.ts:72:18]
[Error Time: 2024-12-21 09:14:30.724 PM], [Error Level: [31merror[39m], [Error Message: 	[31mNo deleted cache found for key: basket:676705334c111e080c241339.[39m], [Error Location: BasketRepository.ts:72:18]
[Error Time: 2024-12-21 09:15:10.510 PM], [Error Level: [32minfo[39m], [Error Message: 	[32mThere is no value with that basket:676705334c111e080c241339 key...[39m], [Error Location: BasketRepository.ts:29:14]
[Error Time: 2024-12-21 09:15:10.511 PM], [Error Level: [31merror[39m], [Error Message: 	[31mThere is no value with that 676705334c111e080c241339 key...[39m], [Error Location: UserValidRepository.ts:30:14]
[Error Time: 2024-12-21 09:15:14.157 PM], [Error Level: [32minfo[39m], [Error Message: 	[32mNew WebSocket client connected[39m], [Error Location: Unknown location]
[Error Time: 2024-12-21 09:15:23.342 PM], [Error Level: [31merror[39m], [Error Message: 	[31mThere is no value with that 67658d2460d8ebab2b529234 key...[39m], [Error Location: BasketItemRepository.ts:30:14]
[Error Time: 2024-12-21 09:16:12.125 PM], [Error Level: [31merror[39m], [Error Message: 	[31mNo deleted cache found for key: basket:676705334c111e080c241339.[39m], [Error Location: BasketRepository.ts:72:18]
[Error Time: 2024-12-21 09:19:07.363 PM], [Error Level: [32minfo[39m], [Error Message: 	[32mBasket event consumer connected to Kafka[39m], [Error Location: main.ts:68:14]
[Error Time: 2024-12-21 09:19:07.370 PM], [Error Level: [32minfo[39m], [Error Message: 	[32mConsumer subscribed to topics[39m], [Error Location: Unknown location]
[Error Time: 2024-12-21 09:19:33.009 PM], [Error Level: [32minfo[39m], [Error Message: 	[32mNew WebSocket client connected[39m], [Error Location: Unknown location]
[Error Time: 2024-12-21 09:19:44.695 PM], [Error Level: [31merror[39m], [Error Message: 	[31mNo deleted cache found for key: basket:676705334c111e080c241339.[39m], [Error Location: BasketRepository.ts:72:18]
[Error Time: 2024-12-21 09:25:12.960 PM], [Error Level: [32minfo[39m], [Error Message: 	[32mBasket event consumer connected to Kafka[39m], [Error Location: main.ts:68:14]
[Error Time: 2024-12-21 09:25:12.967 PM], [Error Level: [32minfo[39m], [Error Message: 	[32mConsumer subscribed to topics[39m], [Error Location: Unknown location]
[Error Time: 2024-12-21 09:25:38.051 PM], [Error Level: [32minfo[39m], [Error Message: 	[32mNew WebSocket client connected[39m], [Error Location: Unknown location]
[Error Time: 2024-12-21 09:25:42.392 PM], [Error Level: [31merror[39m], [Error Message: 	[31mNo deleted cache found for key: basket:676705334c111e080c241339.[39m], [Error Location: BasketRepository.ts:72:18]
[Error Time: 2024-12-21 09:26:06.631 PM], [Error Level: [32minfo[39m], [Error Message: 	[32mBasket event consumer connected to Kafka[39m], [Error Location: main.ts:68:14]
[Error Time: 2024-12-21 09:26:06.639 PM], [Error Level: [32minfo[39m], [Error Message: 	[32mConsumer subscribed to topics[39m], [Error Location: Unknown location]
[Error Time: 2024-12-21 09:26:36.059 PM], [Error Level: [32minfo[39m], [Error Message: 	[32mNew WebSocket client connected[39m], [Error Location: Unknown location]
[Error Time: 2024-12-21 09:26:46.104 PM], [Error Level: [32minfo[39m], [Error Message: 	[32mThere is no value with that basket:676705334c111e080c241339 key...[39m], [Error Location: BasketRepository.ts:29:14]
[Error Time: 2024-12-21 09:27:51.197 PM], [Error Level: [32minfo[39m], [Error Message: 	[32mNew WebSocket client connected[39m], [Error Location: Unknown location]
[Error Time: 2024-12-21 09:28:56.314 PM], [Error Level: [32minfo[39m], [Error Message: 	[32mNew WebSocket client connected[39m], [Error Location: Unknown location]
[Error Time: 2024-12-21 09:29:19.100 PM], [Error Level: [32minfo[39m], [Error Message: 	[32mNew WebSocket client connected[39m], [Error Location: Unknown location]
[Error Time: 2024-12-21 09:29:32.512 PM], [Error Level: [32minfo[39m], [Error Message: 	[32mNew WebSocket client connected[39m], [Error Location: Unknown location]
[Error Time: 2024-12-21 09:29:53.168 PM], [Error Level: [31merror[39m], [Error Message: 	[31mThere is no value with that 6761e6dda418031f457284ce key...[39m], [Error Location: BasketItemRepository.ts:30:14]
[Error Time: 2024-12-21 09:29:57.319 PM], [Error Level: [31merror[39m], [Error Message: 	[31mThere is no value with that 67617632e854396d9b60fdb3 key...[39m], [Error Location: BasketItemRepository.ts:30:14]
[Error Time: 2024-12-21 09:31:28.090 PM], [Error Level: [32minfo[39m], [Error Message: 	[32mThere is no value with that basket:undefined key...[39m], [Error Location: BasketRepository.ts:29:14]
[Error Time: 2024-12-21 09:32:31.032 PM], [Error Level: [32minfo[39m], [Error Message: 	[32mBasket event consumer connected to Kafka[39m], [Error Location: main.ts:68:14]
[Error Time: 2024-12-21 09:32:31.040 PM], [Error Level: [32minfo[39m], [Error Message: 	[32mConsumer subscribed to topics[39m], [Error Location: Unknown location]
[Error Time: 2024-12-21 09:32:58.094 PM], [Error Level: [32minfo[39m], [Error Message: 	[32mNew WebSocket client connected[39m], [Error Location: Unknown location]
[Error Time: 2024-12-21 09:33:01.340 PM], [Error Level: [32minfo[39m], [Error Message: 	[32mThere is no value with that basket:undefined key...[39m], [Error Location: BasketRepository.ts:29:14]
[Error Time: 2024-12-21 09:33:46.439 PM], [Error Level: [32minfo[39m], [Error Message: 	[32mBasket event consumer connected to Kafka[39m], [Error Location: main.ts:68:14]
[Error Time: 2024-12-21 09:33:46.447 PM], [Error Level: [32minfo[39m], [Error Message: 	[32mConsumer subscribed to topics[39m], [Error Location: Unknown location]
[Error Time: 2024-12-21 09:34:02.548 PM], [Error Level: [32minfo[39m], [Error Message: 	[32mBasket event consumer connected to Kafka[39m], [Error Location: main.ts:68:14]
[Error Time: 2024-12-21 09:34:02.556 PM], [Error Level: [32minfo[39m], [Error Message: 	[32mConsumer subscribed to topics[39m], [Error Location: Unknown location]
[Error Time: 2024-12-21 09:34:14.101 PM], [Error Level: [32minfo[39m], [Error Message: 	[32mNew WebSocket client connected[39m], [Error Location: Unknown location]
[Error Time: 2024-12-21 09:34:22.343 PM], [Error Level: [32minfo[39m], [Error Message: 	[32mThere is no value with that basket:undefined key...[39m], [Error Location: BasketRepository.ts:31:14]
[Error Time: 2024-12-21 09:36:09.677 PM], [Error Level: [32minfo[39m], [Error Message: 	[32mBasket event consumer connected to Kafka[39m], [Error Location: main.ts:68:14]
[Error Time: 2024-12-21 09:36:09.684 PM], [Error Level: [32minfo[39m], [Error Message: 	[32mConsumer subscribed to topics[39m], [Error Location: Unknown location]
[Error Time: 2024-12-21 09:36:13.123 PM], [Error Level: [32minfo[39m], [Error Message: 	[32mNew WebSocket client connected[39m], [Error Location: Unknown location]
[Error Time: 2024-12-21 09:36:18.958 PM], [Error Level: [32minfo[39m], [Error Message: 	[32mThere is no value with that basket:undefined key...[39m], [Error Location: BasketRepository.ts:31:14]
[Error Time: 2024-12-21 09:36:40.485 PM], [Error Level: [32minfo[39m], [Error Message: 	[32mBasket event consumer connected to Kafka[39m], [Error Location: main.ts:68:14]
[Error Time: 2024-12-21 09:36:40.493 PM], [Error Level: [32minfo[39m], [Error Message: 	[32mConsumer subscribed to topics[39m], [Error Location: Unknown location]
[Error Time: 2024-12-21 09:37:13.111 PM], [Error Level: [32minfo[39m], [Error Message: 	[32mNew WebSocket client connected[39m], [Error Location: Unknown location]
[Error Time: 2024-12-21 09:37:57.090 PM], [Error Level: [32minfo[39m], [Error Message: 	[32mBasket event consumer connected to Kafka[39m], [Error Location: main.ts:68:14]
[Error Time: 2024-12-21 09:37:57.098 PM], [Error Level: [32minfo[39m], [Error Message: 	[32mConsumer subscribed to topics[39m], [Error Location: Unknown location]
[Error Time: 2024-12-21 09:38:07.637 PM], [Error Level: [32minfo[39m], [Error Message: 	[32mBasket event consumer connected to Kafka[39m], [Error Location: main.ts:68:14]
[Error Time: 2024-12-21 09:38:07.644 PM], [Error Level: [32minfo[39m], [Error Message: 	[32mConsumer subscribed to topics[39m], [Error Location: Unknown location]
[Error Time: 2024-12-21 09:38:25.121 PM], [Error Level: [32minfo[39m], [Error Message: 	[32mNew WebSocket client connected[39m], [Error Location: Unknown location]
[Error Time: 2024-12-21 09:38:29.905 PM], [Error Level: [32minfo[39m], [Error Message: 	[32mNew WebSocket client connected[39m], [Error Location: Unknown location]
[Error Time: 2024-12-21 09:38:42.675 PM], [Error Level: [32minfo[39m], [Error Message: 	[32mNew WebSocket client connected[39m], [Error Location: Unknown location]
[Error Time: 2024-12-21 09:38:44.909 PM], [Error Level: [32minfo[39m], [Error Message: 	[32mThere is no value with that basket:676705334c111e080c241339 key...[39m], [Error Location: BasketRepository.ts:28:14]
[Error Time: 2024-12-21 09:38:50.820 PM], [Error Level: [32minfo[39m], [Error Message: 	[32mNew WebSocket client connected[39m], [Error Location: Unknown location]
[Error Time: 2024-12-21 09:39:59.860 PM], [Error Level: [32minfo[39m], [Error Message: 	[32mBasket event consumer connected to Kafka[39m], [Error Location: main.ts:68:14]
[Error Time: 2024-12-21 09:39:59.868 PM], [Error Level: [32minfo[39m], [Error Message: 	[32mConsumer subscribed to topics[39m], [Error Location: Unknown location]
[Error Time: 2024-12-21 09:40:23.326 PM], [Error Level: [32minfo[39m], [Error Message: 	[32mNew WebSocket client connected[39m], [Error Location: Unknown location]
[Error Time: 2024-12-21 09:40:34.085 PM], [Error Level: [32minfo[39m], [Error Message: 	[32mNew WebSocket client connected[39m], [Error Location: Unknown location]
[Error Time: 2024-12-21 09:40:38.938 PM], [Error Level: [31merror[39m], [Error Message: 	[31mThere is no value with that 6761eb6518757d9c169845d6 key...[39m], [Error Location: BasketItemRepository.ts:30:14]
[Error Time: 2024-12-21 09:40:44.501 PM], [Error Level: [31merror[39m], [Error Message: 	[31mThere is no value with that 6761784ee854396d9b60fdd6 key...[39m], [Error Location: BasketItemRepository.ts:30:14]
[Error Time: 2024-12-21 09:41:54.231 PM], [Error Level: [32minfo[39m], [Error Message: 	[32mBasket event consumer connected to Kafka[39m], [Error Location: main.ts:68:14]
[Error Time: 2024-12-21 09:41:54.239 PM], [Error Level: [32minfo[39m], [Error Message: 	[32mConsumer subscribed to topics[39m], [Error Location: Unknown location]
[Error Time: 2024-12-21 09:42:18.524 PM], [Error Level: [32minfo[39m], [Error Message: 	[32mNew WebSocket client connected[39m], [Error Location: Unknown location]
[Error Time: 2024-12-21 09:42:19.534 PM], [Error Level: [32minfo[39m], [Error Message: 	[32mNew WebSocket client connected[39m], [Error Location: Unknown location]
[Error Time: 2024-12-21 09:42:23.790 PM], [Error Level: [31merror[39m], [Error Message: 	[31mThere is no value with that 6761786de854396d9b60fdde key...[39m], [Error Location: BasketItemRepository.ts:30:14]
[Error Time: 2024-12-21 09:45:21.330 PM], [Error Level: [32minfo[39m], [Error Message: 	[32mBasket event consumer connected to Kafka[39m], [Error Location: main.ts:68:14]
[Error Time: 2024-12-21 09:45:21.339 PM], [Error Level: [32minfo[39m], [Error Message: 	[32mConsumer subscribed to topics[39m], [Error Location: Unknown location]
[Error Time: 2024-12-21 09:45:48.152 PM], [Error Level: [32minfo[39m], [Error Message: 	[32mNew WebSocket client connected[39m], [Error Location: Unknown location]
[Error Time: 2024-12-21 09:46:09.773 PM], [Error Level: [32minfo[39m], [Error Message: 	[32mNew WebSocket client connected[39m], [Error Location: Unknown location]
[Error Time: 2024-12-21 09:46:44.876 PM], [Error Level: [32minfo[39m], [Error Message: 	[32mBasket event consumer connected to Kafka[39m], [Error Location: main.ts:68:14]
[Error Time: 2024-12-21 09:46:44.884 PM], [Error Level: [32minfo[39m], [Error Message: 	[32mConsumer subscribed to topics[39m], [Error Location: Unknown location]
[Error Time: 2024-12-21 09:47:08.916 PM], [Error Level: [32minfo[39m], [Error Message: 	[32mNew WebSocket client connected[39m], [Error Location: Unknown location]
[Error Time: 2024-12-21 09:48:54.528 PM], [Error Level: [32minfo[39m], [Error Message: 	[32mThere is no value with that basket:676705334c111e080c241339 key...[39m], [Error Location: BasketRepository.ts:28:14]
[Error Time: 2024-12-21 09:48:56.996 PM], [Error Level: [32minfo[39m], [Error Message: 	[32mNew WebSocket client connected[39m], [Error Location: Unknown location]
[Error Time: 2024-12-21 09:50:20.846 PM], [Error Level: [32minfo[39m], [Error Message: 	[32mNew WebSocket client connected[39m], [Error Location: Unknown location]
[Error Time: 2024-12-21 09:50:28.747 PM], [Error Level: [31merror[39m], [Error Message: 	[31mThere is no value with that 676595e45f29de095f7de98b key...[39m], [Error Location: BasketItemRepository.ts:30:14]
[Error Time: 2024-12-21 09:50:39.698 PM], [Error Level: [31merror[39m], [Error Message: 	[31mAn error occurred while setting data in 'Redis Service' for key: basket:676705334c111e080c241339.[39m], [Error Location: BasketRepository.ts:51:16]
[Error Time: 2024-12-21 09:50:41.744 PM], [Error Level: [31merror[39m], [Error Message: 	[31mAn error occurred while setting data in 'Redis Service' for key: basket:676705334c111e080c241339.[39m], [Error Location: BasketRepository.ts:51:16]
[Error Time: 2024-12-21 09:50:48.298 PM], [Error Level: [31merror[39m], [Error Message: 	[31mAn error occurred while setting data in 'Redis Service' for key: basket:676705334c111e080c241339.[39m], [Error Location: BasketRepository.ts:51:16]
[Error Time: 2024-12-21 09:50:49.976 PM], [Error Level: [31merror[39m], [Error Message: 	[31mThere is no value with that 6765870d5be1dec5b44c998a key...[39m], [Error Location: BasketItemRepository.ts:30:14]
[Error Time: 2024-12-21 09:50:50.137 PM], [Error Level: [31merror[39m], [Error Message: 	[31mAn error occurred while setting data in 'Redis Service' for key: 6765870d5be1dec5b44c998a.[39m], [Error Location: BasketItemRepository.ts:53:16]
[Error Time: 2024-12-21 09:50:50.138 PM], [Error Level: [31merror[39m], [Error Message: 	[31mAn error occurred while setting data in 'Redis Service' for key: basket:676705334c111e080c241339.[39m], [Error Location: BasketRepository.ts:51:16]
[Error Time: 2024-12-21 09:50:52.720 PM], [Error Level: [31merror[39m], [Error Message: 	[31mThere is no value with that 67659bde34dd9215b56527ca key...[39m], [Error Location: BasketItemRepository.ts:30:14]
[Error Time: 2024-12-21 09:50:52.880 PM], [Error Level: [31merror[39m], [Error Message: 	[31mAn error occurred while setting data in 'Redis Service' for key: 67659bde34dd9215b56527ca.[39m], [Error Location: BasketItemRepository.ts:53:16]
[Error Time: 2024-12-21 09:50:52.881 PM], [Error Level: [31merror[39m], [Error Message: 	[31mAn error occurred while setting data in 'Redis Service' for key: basket:676705334c111e080c241339.[39m], [Error Location: BasketRepository.ts:51:16]
[Error Time: 2024-12-21 09:50:53.839 PM], [Error Level: [31merror[39m], [Error Message: 	[31mAn error occurred while setting data in 'Redis Service' for key: basket:676705334c111e080c241339.[39m], [Error Location: BasketRepository.ts:51:16]
[Error Time: 2024-12-21 09:51:06.552 PM], [Error Level: [32minfo[39m], [Error Message: 	[32mNew WebSocket client connected[39m], [Error Location: Unknown location]
[Error Time: 2024-12-21 09:51:08.336 PM], [Error Level: [31merror[39m], [Error Message: 	[31mAn error occurred while setting data in 'Redis Service' for key: basket:676705334c111e080c241339.[39m], [Error Location: BasketRepository.ts:51:16]
[Error Time: 2024-12-21 09:51:34.939 PM], [Error Level: [31merror[39m], [Error Message: 	[31mAn error occurred while setting data in 'Redis Service' for key: basket:676705334c111e080c241339.[39m], [Error Location: BasketRepository.ts:51:16]
[Error Time: 2024-12-21 09:54:01.130 PM], [Error Level: [32minfo[39m], [Error Message: 	[32mNew WebSocket client connected[39m], [Error Location: Unknown location]
[Error Time: 2024-12-21 09:58:40.711 PM], [Error Level: [32minfo[39m], [Error Message: 	[32mBasket event consumer connected to Kafka[39m], [Error Location: main.ts:68:14]
[Error Time: 2024-12-21 09:58:40.722 PM], [Error Level: [32minfo[39m], [Error Message: 	[32mConsumer subscribed to topics[39m], [Error Location: Unknown location]
[Error Time: 2024-12-21 09:58:45.567 PM], [Error Level: [32minfo[39m], [Error Message: 	[32mNew WebSocket client connected[39m], [Error Location: Unknown location]
[Error Time: 2024-12-21 09:58:58.264 PM], [Error Level: [32minfo[39m], [Error Message: 	[32mNew WebSocket client connected[39m], [Error Location: Unknown location]
[Error Time: 2024-12-21 10:05:52.961 PM], [Error Level: [32minfo[39m], [Error Message: 	[32mNew WebSocket client connected[39m], [Error Location: Unknown location]
[Error Time: 2024-12-21 10:09:02.134 PM], [Error Level: [32minfo[39m], [Error Message: 	[32mNew WebSocket client connected[39m], [Error Location: Unknown location]
[Error Time: 2024-12-21 10:09:04.183 PM], [Error Level: [32minfo[39m], [Error Message: 	[32mNew WebSocket client connected[39m], [Error Location: Unknown location]
[Error Time: 2024-12-21 10:09:08.454 PM], [Error Level: [32minfo[39m], [Error Message: 	[32mNew WebSocket client connected[39m], [Error Location: Unknown location]
[Error Time: 2024-12-21 10:09:37.744 PM], [Error Level: [32minfo[39m], [Error Message: 	[32mNew WebSocket client connected[39m], [Error Location: Unknown location]
[Error Time: 2024-12-21 10:09:40.970 PM], [Error Level: [32minfo[39m], [Error Message: 	[32mNew WebSocket client connected[39m], [Error Location: Unknown location]
[Error Time: 2024-12-21 10:10:03.372 PM], [Error Level: [32minfo[39m], [Error Message: 	[32mNew WebSocket client connected[39m], [Error Location: Unknown location]
[Error Time: 2024-12-21 10:10:17.978 PM], [Error Level: [32minfo[39m], [Error Message: 	[32mNew WebSocket client connected[39m], [Error Location: Unknown location]
[Error Time: 2024-12-21 10:18:24.738 PM], [Error Level: [32minfo[39m], [Error Message: 	[32mNew WebSocket client connected[39m], [Error Location: Unknown location]
[Error Time: 2024-12-21 10:23:02.375 PM], [Error Level: [32minfo[39m], [Error Message: 	[32mNew WebSocket client connected[39m], [Error Location: Unknown location]
[Error Time: 2024-12-21 10:23:28.905 PM], [Error Level: [32minfo[39m], [Error Message: 	[32mNew WebSocket client connected[39m], [Error Location: Unknown location]
[Error Time: 2024-12-21 10:35:29.395 PM], [Error Level: [32minfo[39m], [Error Message: 	[32mNew WebSocket client connected[39m], [Error Location: Unknown location]
[Error Time: 2024-12-21 10:35:33.894 PM], [Error Level: [32minfo[39m], [Error Message: 	[32mNew WebSocket client connected[39m], [Error Location: Unknown location]
[Error Time: 2024-12-21 10:35:37.155 PM], [Error Level: [32minfo[39m], [Error Message: 	[32mNew WebSocket client connected[39m], [Error Location: Unknown location]
[Error Time: 2024-12-21 10:35:44.452 PM], [Error Level: [32minfo[39m], [Error Message: 	[32mNew WebSocket client connected[39m], [Error Location: Unknown location]
[Error Time: 2024-12-21 10:35:45.249 PM], [Error Level: [32minfo[39m], [Error Message: 	[32mNew WebSocket client connected[39m], [Error Location: Unknown location]
[Error Time: 2024-12-21 10:35:55.054 PM], [Error Level: [32minfo[39m], [Error Message: 	[32mNew WebSocket client connected[39m], [Error Location: Unknown location]
[Error Time: 2024-12-21 10:36:41.682 PM], [Error Level: [32minfo[39m], [Error Message: 	[32mNew WebSocket client connected[39m], [Error Location: Unknown location]
[Error Time: 2024-12-21 10:37:33.081 PM], [Error Level: [32minfo[39m], [Error Message: 	[32mBasket event consumer connected to Kafka[39m], [Error Location: main.ts:68:14]
[Error Time: 2024-12-21 10:37:33.089 PM], [Error Level: [32minfo[39m], [Error Message: 	[32mConsumer subscribed to topics[39m], [Error Location: Unknown location]
[Error Time: 2024-12-21 10:37:49.808 PM], [Error Level: [32minfo[39m], [Error Message: 	[32mNew WebSocket client connected[39m], [Error Location: Unknown location]
[Error Time: 2024-12-21 10:38:05.666 PM], [Error Level: [32minfo[39m], [Error Message: 	[32mNew WebSocket client connected[39m], [Error Location: Unknown location]
[Error Time: 2024-12-21 10:38:23.171 PM], [Error Level: [32minfo[39m], [Error Message: 	[32mNew WebSocket client connected[39m], [Error Location: Unknown location]
[Error Time: 2024-12-21 10:40:27.797 PM], [Error Level: [32minfo[39m], [Error Message: 	[32mNew WebSocket client connected[39m], [Error Location: Unknown location]
[Error Time: 2024-12-21 10:54:12.986 PM], [Error Level: [32minfo[39m], [Error Message: 	[32mNew WebSocket client connected[39m], [Error Location: Unknown location]
[Error Time: 2024-12-21 10:54:18.993 PM], [Error Level: [32minfo[39m], [Error Message: 	[32mNew WebSocket client connected[39m], [Error Location: Unknown location]
[Error Time: 2024-12-21 10:56:21.750 PM], [Error Level: [32minfo[39m], [Error Message: 	[32mReceived message[39m], [Error Location: Unknown location]
[Error Time: 2024-12-21 10:56:21.751 PM], [Error Level: [31merror[39m], [Error Message: 	[31mAn error occurred while setting data in 'Redis Service' for key: 67671d654c111e080c241379.[39m], [Error Location: BasketItemRepository.ts:53:16]
[Error Time: 2024-12-21 10:56:21.753 PM], [Error Level: [32minfo[39m], [Error Message: 	[32mNo affected basket contains these products ...[39m], [Error Location: BasketRepository.ts:93:16]
[Error Time: 2024-12-21 10:56:21.753 PM], [Error Level: [32minfo[39m], [Error Message: 	[32mNo baskets found containing product: 67671d654c111e080c241379[39m], [Error Location: main.ts:158:18]
[Error Time: 2024-12-21 10:56:37.092 PM], [Error Level: [32minfo[39m], [Error Message: 	[32mNew WebSocket client connected[39m], [Error Location: Unknown location]
[Error Time: 2024-12-21 10:57:47.729 PM], [Error Level: [32minfo[39m], [Error Message: 	[32mNew WebSocket client connected[39m], [Error Location: Unknown location]
[Error Time: 2024-12-21 11:01:10.998 PM], [Error Level: [32minfo[39m], [Error Message: 	[32mReceived message[39m], [Error Location: Unknown location]
[Error Time: 2024-12-21 11:01:11.009 PM], [Error Level: [32minfo[39m], [Error Message: 	[32mNo affected basket contains these products ...[39m], [Error Location: BasketRepository.ts:93:16]
[Error Time: 2024-12-21 11:01:11.009 PM], [Error Level: [32minfo[39m], [Error Message: 	[32mNo baskets found containing product: 67671e864c111e080c24137d[39m], [Error Location: main.ts:158:18]
[Error Time: 2024-12-21 11:01:33.262 PM], [Error Level: [32minfo[39m], [Error Message: 	[32mNew WebSocket client connected[39m], [Error Location: Unknown location]
[Error Time: 2024-12-21 11:06:21.769 PM], [Error Level: [32minfo[39m], [Error Message: 	[32mNew WebSocket client connected[39m], [Error Location: Unknown location]
[Error Time: 2024-12-21 11:06:37.675 PM], [Error Level: [31merror[39m], [Error Message: 	[31mThere is no value with that 67659bde34dd9215b56527ca key...[39m], [Error Location: BasketItemRepository.ts:30:14]
[Error Time: 2024-12-21 11:08:27.752 PM], [Error Level: [32minfo[39m], [Error Message: 	[32mNew WebSocket client connected[39m], [Error Location: Unknown location]
[Error Time: 2024-12-21 11:14:17.697 PM], [Error Level: [32minfo[39m], [Error Message: 	[32mNew WebSocket client connected[39m], [Error Location: Unknown location]
[Error Time: 2024-12-21 11:14:56.570 PM], [Error Level: [32minfo[39m], [Error Message: 	[32mNew WebSocket client connected[39m], [Error Location: Unknown location]
[Error Time: 2024-12-21 11:16:17.372 PM], [Error Level: [32minfo[39m], [Error Message: 	[32mNew WebSocket client connected[39m], [Error Location: Unknown location]
[Error Time: 2024-12-21 11:19:43.710 PM], [Error Level: [32minfo[39m], [Error Message: 	[32mNew WebSocket client connected[39m], [Error Location: Unknown location]
[Error Time: 2024-12-21 11:19:53.862 PM], [Error Level: [32minfo[39m], [Error Message: 	[32mNew WebSocket client connected[39m], [Error Location: Unknown location]
[Error Time: 2024-12-21 11:22:27.758 PM], [Error Level: [32minfo[39m], [Error Message: 	[32mThere is no value with that basket:676705334c111e080c241339 key...[39m], [Error Location: BasketRepository.ts:28:14]
[Error Time: 2024-12-21 11:22:31.032 PM], [Error Level: [32minfo[39m], [Error Message: 	[32mNew WebSocket client connected[39m], [Error Location: Unknown location]
[Error Time: 2024-12-21 11:24:16.962 PM], [Error Level: [32minfo[39m], [Error Message: 	[32mBasket event consumer connected to Kafka[39m], [Error Location: main.ts:68:14]
[Error Time: 2024-12-21 11:24:16.974 PM], [Error Level: [32minfo[39m], [Error Message: 	[32mConsumer subscribed to topics[39m], [Error Location: Unknown location]
[Error Time: 2024-12-22 02:21:53.429 PM], [Error Level: [31merror[39m], [Error Message: 	[31mFailed to start basket event consumer: KafkaJSNumberOfRetriesExceeded: Connection error: [39m], [Error Location: main.js:80:29]
