[Error Time: 2024-12-20 07:48:37.626 PM], [Error Level: [31merror[39m], [Error Message: 	[31mFailed to connect to Kafka: No matching bindings found for serviceIdentifier: IOrderService[39m], [Error Location: Unknown location]
[Error Time: 2024-12-20 07:50:05.717 PM], [Error Level: [32minfo[39m], [Error Message: 	[32mInvoice Service Kafka Consumer connected[39m], [Error Location: kafka.ts:39:14]
[Error Time: 2024-12-20 07:50:08.750 PM], [Error Level: [32minfo[39m], [Error Message: 	[32mKafka consumer started successfully[39m], [Error Location: kafka.ts:57:14]
[Error Time: 2024-12-20 07:50:36.452 PM], [Error Level: [32minfo[39m], [Error Message: 	[32mInvoice Service Kafka Consumer connected[39m], [Error Location: kafka.ts:39:14]
[Error Time: 2024-12-20 07:50:53.803 PM], [Error Level: [32minfo[39m], [Error Message: 	[32mKafka consumer started successfully[39m], [Error Location: kafka.ts:57:14]
[Error Time: 2024-12-20 07:51:18.047 PM], [Error Level: [32minfo[39m], [Error Message: 	[32mSuccessfully created invoice for payment event: usertestest[39m], [Error Location: kafka.ts:87:16]
[Error Time: 2024-12-20 08:13:13.696 PM], [Error Level: [32minfo[39m], [Error Message: 	[32mSuccessfully created invoice for payment event: 67646de2d2d2a8a38647257c[39m], [Error Location: kafka.ts:87:16]
[Error Time: 2024-12-20 08:25:00.349 PM], [Error Level: [32minfo[39m], [Error Message: 	[32mSuccessfully created invoice for payment event: 67646de2d2d2a8a38647257c[39m], [Error Location: kafka.ts:87:16]
[Error Time: 2024-12-20 08:28:37.479 PM], [Error Level: [32minfo[39m], [Error Message: 	[32mSuccessfully created invoice for payment event: 67646de2d2d2a8a38647257c[39m], [Error Location: kafka.ts:87:16]
[Error Time: 2024-12-21 10:14:03.876 PM], [Error Level: [32minfo[39m], [Error Message: 	[32mInvoice Service Kafka Consumer connected[39m], [Error Location: kafka.ts:39:14]
[Error Time: 2024-12-21 10:14:06.909 PM], [Error Level: [32minfo[39m], [Error Message: 	[32mKafka consumer started successfully[39m], [Error Location: kafka.ts:57:14]
[Error Time: 2024-12-21 10:14:07.126 PM], [Error Level: [32minfo[39m], [Error Message: 	[32mSuccessfully created invoice for payment event: 67646de2d2d2a8a38647257c[39m], [Error Location: kafka.ts:87:16]
[Error Time: 2024-12-21 10:14:07.296 PM], [Error Level: [32minfo[39m], [Error Message: 	[32mSuccessfully created invoice for payment event: 67646de2d2d2a8a38647257c[39m], [Error Location: kafka.ts:87:16]
[Error Time: 2024-12-21 10:14:07.459 PM], [Error Level: [32minfo[39m], [Error Message: 	[32mSuccessfully created invoice for payment event: 676705334c111e080c241339[39m], [Error Location: kafka.ts:87:16]
[Error Time: 2024-12-21 10:14:07.621 PM], [Error Level: [32minfo[39m], [Error Message: 	[32mSuccessfully created invoice for payment event: 676705334c111e080c241339[39m], [Error Location: kafka.ts:87:16]
[Error Time: 2024-12-21 10:14:07.784 PM], [Error Level: [32minfo[39m], [Error Message: 	[32mSuccessfully created invoice for payment event: 676705334c111e080c241339[39m], [Error Location: kafka.ts:87:16]
[Error Time: 2024-12-21 10:14:07.946 PM], [Error Level: [32minfo[39m], [Error Message: 	[32mSuccessfully created invoice for payment event: 676705334c111e080c241339[39m], [Error Location: kafka.ts:87:16]
[Error Time: 2024-12-21 10:14:08.108 PM], [Error Level: [32minfo[39m], [Error Message: 	[32mSuccessfully created invoice for payment event: 676705334c111e080c241339[39m], [Error Location: kafka.ts:87:16]
[Error Time: 2024-12-21 10:14:08.270 PM], [Error Level: [32minfo[39m], [Error Message: 	[32mSuccessfully created invoice for payment event: 676705334c111e080c241339[39m], [Error Location: kafka.ts:87:16]
[Error Time: 2024-12-21 10:14:08.434 PM], [Error Level: [32minfo[39m], [Error Message: 	[32mSuccessfully created invoice for payment event: 676705334c111e080c241339[39m], [Error Location: kafka.ts:87:16]
[Error Time: 2024-12-22 12:57:46.218 AM], [Error Level: [32minfo[39m], [Error Message: 	[32mInvoice Service Kafka Consumer connected[39m], [Error Location: kafka.ts:39:14]
[Error Time: 2024-12-22 12:57:49.251 AM], [Error Level: [32minfo[39m], [Error Message: 	[32mKafka consumer started successfully[39m], [Error Location: kafka.ts:57:14]
[Error Time: 2024-12-22 12:58:03.469 AM], [Error Level: [32minfo[39m], [Error Message: 	[32mInvoice Service Kafka Consumer connected[39m], [Error Location: kafka.ts:39:14]
[Error Time: 2024-12-22 12:58:24.288 AM], [Error Level: [32minfo[39m], [Error Message: 	[32mKafka consumer started successfully[39m], [Error Location: kafka.ts:57:14]
[Error Time: 2024-12-22 01:12:54.078 AM], [Error Level: [32minfo[39m], [Error Message: 	[32mInvoice Service Kafka Consumer connected[39m], [Error Location: kafka.ts:39:14]
[Error Time: 2024-12-22 01:13:14.924 AM], [Error Level: [32minfo[39m], [Error Message: 	[32mInvoice Service Kafka Consumer connected[39m], [Error Location: kafka.ts:41:14]
[Error Time: 2024-12-22 01:13:46.835 AM], [Error Level: [32minfo[39m], [Error Message: 	[32mInvoice Service Kafka Consumer connected[39m], [Error Location: kafka.ts:41:14]
[Error Time: 2024-12-22 01:14:14.657 AM], [Error Level: [32minfo[39m], [Error Message: 	[32mKafka consumer started successfully[39m], [Error Location: kafka.ts:59:14]
